#
# There is insufficient memory for the Java Runtime Environment to continue.
# Native memory allocation (malloc) failed to allocate 1532656 bytes for Chunk::new
# Possible reasons:
#   The system is out of physical RAM or swap space
#   The process is running with CompressedOops enabled, and the Java Heap may be blocking the growth of the native heap
# Possible solutions:
#   Reduce memory load on the system
#   Increase physical memory or swap space
#   Check if swap backing store is full
#   Decrease Java heap size (-Xmx/-Xms)
#   Decrease number of Java threads
#   Decrease Java thread stack sizes (-Xss)
#   Set larger code cache with -XX:ReservedCodeCacheSize=
#   JVM is running with Unscaled Compressed Oops mode in which the Java heap is
#     placed in the first 4GB address space. The Java Heap base address is the
#     maximum limit for the native heap growth. Please use -XX:HeapBaseMinAddress
#     to set the Java Heap base and to place the Java Heap above 4GB virtual address.
# This output file may be truncated or incomplete.
#
#  Out of Memory Error (./src/hotspot/share/memory/arena.cpp:197), pid=22920, tid=17628
#
# JRE version: OpenJDK Runtime Environment (11.0.11+9) (build 11.0.11+9-b60-7590822)
# Java VM: OpenJDK 64-Bit Server VM (11.0.11+9-b60-7590822, mixed mode, tiered, compressed oops, g1 gc, windows-amd64)
# No core dump will be written. Minidumps are not enabled by default on client versions of Windows
#

---------------  S U M M A R Y ------------

Command Line: --add-opens=java.base/java.util=ALL-UNNAMED --add-opens=java.base/java.lang=ALL-UNNAMED --add-opens=java.base/java.lang.invoke=ALL-UNNAMED --add-opens=java.base/java.util=ALL-UNNAMED --add-opens=java.prefs/java.util.prefs=ALL-UNNAMED --add-opens=java.prefs/java.util.prefs=ALL-UNNAMED --add-opens=java.base/java.nio.charset=ALL-UNNAMED --add-opens=java.base/java.net=ALL-UNNAMED --add-opens=java.base/java.util.concurrent.atomic=ALL-UNNAMED -Xmx2048m -Dfile.encoding=UTF-8 -Duser.country=MX -Duser.language=es -Duser.variant org.gradle.launcher.daemon.bootstrap.GradleDaemon 7.2

Host: AMD Ryzen 5 5500U with Radeon Graphics         , 12 cores, 5G,  Windows 10 , 64 bit Build 19041 (10.0.19041.1706)
Time: Fri May 13 22:42:15 2022 Hora de verano central (México) elapsed time: 49.036795 seconds (0d 0h 0m 49s)

---------------  T H R E A D  ---------------

Current thread (0x00000239f92dd800):  JavaThread "C2 CompilerThread0" daemon [_thread_in_native, id=17628, stack(0x000000ab8a600000,0x000000ab8a700000)]


Current CompileTask:
C2:  49036 13281   !   4       org.gradle.api.internal.attributes.DefaultImmutableAttributesFactory::doConcatIsolatable (128 bytes)

Stack: [0x000000ab8a600000,0x000000ab8a700000]
Native frames: (J=compiled Java code, j=interpreted, Vv=VM code, C=native code)
V  [jvm.dll+0x5f214a]
V  [jvm.dll+0x726fb5]
V  [jvm.dll+0x7285cd]
V  [jvm.dll+0x728c83]
V  [jvm.dll+0x243278]
V  [jvm.dll+0xbc53c]
V  [jvm.dll+0xbca3c]
V  [jvm.dll+0x353e3b]
V  [jvm.dll+0x321893]
V  [jvm.dll+0x320d8a]
V  [jvm.dll+0x1fc1e2]
V  [jvm.dll+0x1fb3d4]
V  [jvm.dll+0x183d6c]
V  [jvm.dll+0x209a57]
V  [jvm.dll+0x2082a1]
V  [jvm.dll+0x6ef58f]
V  [jvm.dll+0x6e80b5]
V  [jvm.dll+0x5f1036]
C  [ucrtbase.dll+0x21bb2]
C  [KERNEL32.DLL+0x17034]
C  [ntdll.dll+0x52651]


---------------  P R O C E S S  ---------------

Threads class SMR info:
_java_thread_list=0x0000023984642070, length=52, elements={
0x00000239de2da000, 0x00000239f92ba000, 0x00000239f92bd800, 0x00000239f92d8800,
0x00000239f92d9800, 0x00000239f92da000, 0x00000239f92dd800, 0x00000239f92e1800,
0x00000239f92ef000, 0x00000239f9db5000, 0x00000239fbd3d800, 0x00000239f9ea2800,
0x00000239fb789800, 0x00000239fbfd5000, 0x00000239fc5df800, 0x00000239fc37a000,
0x00000239fc374800, 0x00000239fc379800, 0x00000239fc375000, 0x00000239fc376000,
0x00000239fd4ec000, 0x00000239fd4ee800, 0x00000239fd4ea800, 0x00000239fd4e9800,
0x00000239fd4f0000, 0x00000239fded5000, 0x00000239fded2800, 0x00000239802ed800,
0x00000239802f0000, 0x00000239802ee800, 0x00000239802ea800, 0x00000239802eb000,
0x00000239802f1000, 0x00000239802f1800, 0x00000239802ec800, 0x00000239fe36c000,
0x00000239fe369800, 0x00000239fe36c800, 0x00000239fe36b000, 0x00000239fe36d800,
0x00000239fe368000, 0x00000239fdecd000, 0x00000239fdec9800, 0x00000239fdeca800,
0x00000239fdecb000, 0x00000239fdec7000, 0x00000239fdecc000, 0x00000239fdec8000,
0x00000239fdecd800, 0x00000239fdec9000, 0x00000239fded2000, 0x00000239fdece800
}

Java Threads: ( => current thread )
  0x00000239de2da000 JavaThread "main" [_thread_blocked, id=11508, stack(0x000000ab89a00000,0x000000ab89b00000)]
  0x00000239f92ba000 JavaThread "Reference Handler" daemon [_thread_blocked, id=544, stack(0x000000ab8a100000,0x000000ab8a200000)]
  0x00000239f92bd800 JavaThread "Finalizer" daemon [_thread_blocked, id=22184, stack(0x000000ab8a200000,0x000000ab8a300000)]
  0x00000239f92d8800 JavaThread "Signal Dispatcher" daemon [_thread_blocked, id=13572, stack(0x000000ab8a300000,0x000000ab8a400000)]
  0x00000239f92d9800 JavaThread "Attach Listener" daemon [_thread_blocked, id=21620, stack(0x000000ab8a400000,0x000000ab8a500000)]
  0x00000239f92da000 JavaThread "Service Thread" daemon [_thread_blocked, id=11792, stack(0x000000ab8a500000,0x000000ab8a600000)]
=>0x00000239f92dd800 JavaThread "C2 CompilerThread0" daemon [_thread_in_native, id=17628, stack(0x000000ab8a600000,0x000000ab8a700000)]
  0x00000239f92e1800 JavaThread "C1 CompilerThread0" daemon [_thread_blocked, id=17124, stack(0x000000ab8a700000,0x000000ab8a800000)]
  0x00000239f92ef000 JavaThread "Sweeper thread" daemon [_thread_blocked, id=23112, stack(0x000000ab8a800000,0x000000ab8a900000)]
  0x00000239f9db5000 JavaThread "Common-Cleaner" daemon [_thread_blocked, id=23128, stack(0x000000ab8a900000,0x000000ab8aa00000)]
  0x00000239fbd3d800 JavaThread "Daemon health stats" [_thread_blocked, id=9900, stack(0x000000ab8ad00000,0x000000ab8ae00000)]
  0x00000239f9ea2800 JavaThread "Incoming local TCP Connector on port 51824" [_thread_in_native, id=22612, stack(0x000000ab8ab00000,0x000000ab8ac00000)]
  0x00000239fb789800 JavaThread "Daemon periodic checks" [_thread_blocked, id=1824, stack(0x000000ab8b100000,0x000000ab8b200000)]
  0x00000239fbfd5000 JavaThread "Daemon" [_thread_blocked, id=19104, stack(0x000000ab8b200000,0x000000ab8b300000)]
  0x00000239fc5df800 JavaThread "Daemon worker" [_thread_in_native, id=17772, stack(0x000000ab8b500000,0x000000ab8b600000)]
  0x00000239fc37a000 JavaThread "Cache worker for journal cache (C:\Users\H_ISA\.gradle\caches\journal-1)" [_thread_blocked, id=15824, stack(0x000000ab8b900000,0x000000ab8ba00000)]
  0x00000239fc374800 JavaThread "File lock request listener" [_thread_in_native, id=11952, stack(0x000000ab8ba00000,0x000000ab8bb00000)]
  0x00000239fc379800 JavaThread "Cache worker for file hash cache (C:\Users\H_ISA\.gradle\caches\7.2\fileHashes)" [_thread_blocked, id=20960, stack(0x000000ab8bb00000,0x000000ab8bc00000)]
  0x00000239fc375000 JavaThread "File watcher server" daemon [_thread_in_native, id=22744, stack(0x000000ab8c500000,0x000000ab8c600000)]
  0x00000239fc376000 JavaThread "File watcher consumer" daemon [_thread_blocked, id=22352, stack(0x000000ab8c600000,0x000000ab8c700000)]
  0x00000239fd4ec000 JavaThread "Cache worker for execution history cache (C:\Users\H_ISA\.gradle\caches\7.2\executionHistory)" [_thread_blocked, id=2248, stack(0x000000ab8ca00000,0x000000ab8cb00000)]
  0x00000239fd4ee800 JavaThread "jar transforms" [_thread_blocked, id=12852, stack(0x000000ab8cb00000,0x000000ab8cc00000)]
  0x00000239fd4ea800 JavaThread "Cache worker for file content cache (C:\Users\H_ISA\.gradle\caches\7.2\fileContent)" [_thread_blocked, id=22592, stack(0x000000ab8cc00000,0x000000ab8cd00000)]
  0x00000239fd4e9800 JavaThread "jar transforms Thread 2" [_thread_blocked, id=9224, stack(0x000000ab8cd00000,0x000000ab8ce00000)]
  0x00000239fd4f0000 JavaThread "jar transforms Thread 3" [_thread_blocked, id=16140, stack(0x000000ab8cf00000,0x000000ab8d000000)]
  0x00000239fded5000 JavaThread "jar transforms Thread 4" [_thread_blocked, id=22672, stack(0x000000ab94900000,0x000000ab94a00000)]
  0x00000239fded2800 JavaThread "jar transforms Thread 5" [_thread_blocked, id=22660, stack(0x000000ab94a00000,0x000000ab94b00000)]
  0x00000239802ed800 JavaThread "jar transforms Thread 6" [_thread_blocked, id=22680, stack(0x000000ab94b00000,0x000000ab94c00000)]
  0x00000239802f0000 JavaThread "jar transforms Thread 7" [_thread_blocked, id=22692, stack(0x000000ab94c00000,0x000000ab94d00000)]
  0x00000239802ee800 JavaThread "jar transforms Thread 8" [_thread_blocked, id=23184, stack(0x000000ab94d00000,0x000000ab94e00000)]
  0x00000239802ea800 JavaThread "jar transforms Thread 9" [_thread_blocked, id=22864, stack(0x000000ab94e00000,0x000000ab94f00000)]
  0x00000239802eb000 JavaThread "jar transforms Thread 10" [_thread_blocked, id=22432, stack(0x000000ab94f00000,0x000000ab95000000)]
  0x00000239802f1000 JavaThread "jar transforms Thread 11" [_thread_blocked, id=18040, stack(0x000000ab95000000,0x000000ab95100000)]
  0x00000239802f1800 JavaThread "jar transforms Thread 12" [_thread_blocked, id=22524, stack(0x000000ab95100000,0x000000ab95200000)]
  0x00000239802ec800 JavaThread "Memory manager" [_thread_blocked, id=18520, stack(0x000000ab95200000,0x000000ab95300000)]
  0x00000239fe36c000 JavaThread "RMI Scheduler(0)" daemon [_thread_blocked, id=14604, stack(0x000000ab96600000,0x000000ab96700000)]
  0x00000239fe369800 JavaThread "RMI RenewClean-[127.0.0.1:17392,org.jetbrains.kotlin.daemon.common.LoopbackNetworkInterface$ClientLoopbackSocketFactory@4f225aa6]" daemon [_thread_blocked, id=23088, stack(0x000000ab96800000,0x000000ab96900000)]
  0x00000239fe36c800 JavaThread "RMI GC Daemon" daemon [_thread_blocked, id=7504, stack(0x000000ab96900000,0x000000ab96a00000)]
  0x00000239fe36b000 JavaThread "RMI TCP Accept-0" daemon [_thread_in_native, id=21072, stack(0x000000ab96a00000,0x000000ab96b00000)]
  0x00000239fe36d800 JavaThread "RMI Reaper" [_thread_blocked, id=2236, stack(0x000000ab96b00000,0x000000ab96c00000)]
  0x00000239fe368000 JavaThread "RMI TCP Connection(idle)" daemon [_thread_blocked, id=10560, stack(0x000000ab96c00000,0x000000ab96d00000)]
  0x00000239fdecd000 JavaThread "Handler for socket connection from /127.0.0.1:51824 to /127.0.0.1:51935" [_thread_in_native, id=22804, stack(0x000000ab8b300000,0x000000ab8b400000)]
  0x00000239fdec9800 JavaThread "Cancel handler" [_thread_blocked, id=23156, stack(0x000000ab8b400000,0x000000ab8b500000)]
  0x00000239fdeca800 JavaThread "Asynchronous log dispatcher for DefaultDaemonConnection: socket connection from /127.0.0.1:51824 to /127.0.0.1:51935" [_thread_blocked, id=23364, stack(0x000000ab8b600000,0x000000ab8b700000)]
  0x00000239fdecb000 JavaThread "Stdin handler" [_thread_blocked, id=19744, stack(0x000000ab8b700000,0x000000ab8b800000)]
  0x00000239fdec7000 JavaThread "Daemon client event forwarder" [_thread_blocked, id=20228, stack(0x000000ab8b800000,0x000000ab8b900000)]
  0x00000239fdecc000 JavaThread "Cache worker for file hash cache (C:\Users\H_ISA\AndroidStudioProjects\firebase_reto\.gradle\7.2\fileHashes)" [_thread_blocked, id=22984, stack(0x000000ab8c400000,0x000000ab8c500000)]
  0x00000239fdec8000 JavaThread "Cache worker for checksums cache (C:\Users\H_ISA\AndroidStudioProjects\firebase_reto\.gradle\checksums)" [_thread_blocked, id=4828, stack(0x000000ab8c700000,0x000000ab8c800000)]
  0x00000239fdecd800 JavaThread "Cache worker for cache directory md-supplier (C:\Users\H_ISA\.gradle\caches\7.2\md-supplier)" [_thread_blocked, id=12180, stack(0x000000ab8c800000,0x000000ab8c900000)]
  0x00000239fdec9000 JavaThread "Cache worker for cache directory md-rule (C:\Users\H_ISA\.gradle\caches\7.2\md-rule)" [_thread_blocked, id=12424, stack(0x000000ab8c900000,0x000000ab8ca00000)]
  0x00000239fded2000 JavaThread "Cache worker for dependencies-accessors (C:\Users\H_ISA\AndroidStudioProjects\firebase_reto\.gradle\7.2\dependencies-accessors)" [_thread_blocked, id=7660, stack(0x000000ab8ce00000,0x000000ab8cf00000)]
  0x00000239fdece800 JavaThread "Cache worker for Build Output Cleanup Cache (C:\Users\H_ISA\AndroidStudioProjects\firebase_reto\.gradle\buildOutputCleanup)" [_thread_blocked, id=23380, stack(0x000000ab8d000000,0x000000ab8d100000)]

Other Threads:
  0x00000239f92b5800 VMThread "VM Thread" [stack: 0x000000ab8a000000,0x000000ab8a100000] [id=12412]
  0x00000239f9dd4000 WatcherThread [stack: 0x000000ab8aa00000,0x000000ab8ab00000] [id=3156]
  0x00000239de2f2000 GCTaskThread "GC Thread#0" [stack: 0x000000ab89b00000,0x000000ab89c00000] [id=18456]
  0x00000239faa15000 GCTaskThread "GC Thread#1" [stack: 0x000000ab8ac00000,0x000000ab8ad00000] [id=16460]
  0x00000239fbfd8000 GCTaskThread "GC Thread#2" [stack: 0x000000ab8ae00000,0x000000ab8af00000] [id=19328]
  0x00000239fb77d800 GCTaskThread "GC Thread#3" [stack: 0x000000ab8af00000,0x000000ab8b000000] [id=21068]
  0x00000239fc2c3800 GCTaskThread "GC Thread#4" [stack: 0x000000ab8bc00000,0x000000ab8bd00000] [id=844]
  0x00000239fc37e800 GCTaskThread "GC Thread#5" [stack: 0x000000ab8bd00000,0x000000ab8be00000] [id=21660]
  0x00000239fc0bb000 GCTaskThread "GC Thread#6" [stack: 0x000000ab8be00000,0x000000ab8bf00000] [id=16560]
  0x00000239fb6ae800 GCTaskThread "GC Thread#7" [stack: 0x000000ab8bf00000,0x000000ab8c000000] [id=20876]
  0x00000239fd3d1800 GCTaskThread "GC Thread#8" [stack: 0x000000ab8c000000,0x000000ab8c100000] [id=15952]
  0x00000239fd3d4000 GCTaskThread "GC Thread#9" [stack: 0x000000ab8c100000,0x000000ab8c200000] [id=22196]
  0x00000239de325800 ConcurrentGCThread "G1 Main Marker" [stack: 0x000000ab89c00000,0x000000ab89d00000] [id=7672]
  0x00000239de327800 ConcurrentGCThread "G1 Conc#0" [stack: 0x000000ab89d00000,0x000000ab89e00000] [id=5056]
  0x00000239fb3f1000 ConcurrentGCThread "G1 Conc#1" [stack: 0x000000ab8c200000,0x000000ab8c300000] [id=18168]
  0x00000239fc30c800 ConcurrentGCThread "G1 Conc#2" [stack: 0x000000ab8c300000,0x000000ab8c400000] [id=18236]
  0x00000239de3b3800 ConcurrentGCThread "G1 Refine#0" [stack: 0x000000ab89e00000,0x000000ab89f00000] [id=21836]
  0x00000239fbc4a800 ConcurrentGCThread "G1 Refine#1" [stack: 0x000000ab8b000000,0x000000ab8b100000] [id=21540]
  0x00000239de3b4800 ConcurrentGCThread "G1 Young RemSet Sampling" [stack: 0x000000ab89f00000,0x000000ab8a000000] [id=2008]

Threads with active compile tasks:
C2 CompilerThread0  49053 13281   !   4       org.gradle.api.internal.attributes.DefaultImmutableAttributesFactory::doConcatIsolatable (128 bytes)

VM state:not at safepoint (normal execution)

VM Mutex/Monitor currently owned by a thread: None

Heap address: 0x0000000080000000, size: 2048 MB, Compressed Oops mode: 32-bit
Narrow klass base: 0x0000000000000000, Narrow klass shift: 3
Compressed class space size: 1073741824 Address: 0x0000000100000000

Heap:
 garbage-first heap   total 300032K, used 145598K [0x0000000080000000, 0x0000000100000000)
  region size 1024K, 44 young (45056K), 8 survivors (8192K)
 Metaspace       used 99642K, capacity 102260K, committed 102512K, reserved 1138688K
  class space    used 12864K, capacity 13846K, committed 13900K, reserved 1048576K
Heap Regions: E=young(eden), S=young(survivor), O=old, HS=humongous(starts), HC=humongous(continues), CS=collection set, F=free, A=archive, TAMS=top-at-mark-start (previous, next)
|   0|0x0000000080000000, 0x0000000080100000, 0x0000000080100000|100%| O|  |TAMS 0x0000000080100000, 0x0000000080000000| Untracked 
|   1|0x0000000080100000, 0x0000000080200000, 0x0000000080200000|100%| O|  |TAMS 0x0000000080200000, 0x0000000080100000| Untracked 
|   2|0x0000000080200000, 0x0000000080300000, 0x0000000080300000|100%| O|  |TAMS 0x0000000080300000, 0x0000000080200000| Untracked 
|   3|0x0000000080300000, 0x0000000080400000, 0x0000000080400000|100%|HS|  |TAMS 0x0000000080400000, 0x0000000080300000| Complete 
|   4|0x0000000080400000, 0x0000000080500000, 0x0000000080500000|100%|HC|  |TAMS 0x0000000080500000, 0x0000000080400000| Complete 
|   5|0x0000000080500000, 0x0000000080600000, 0x0000000080600000|100%|HC|  |TAMS 0x0000000080600000, 0x0000000080500000| Complete 
|   6|0x0000000080600000, 0x0000000080700000, 0x0000000080700000|100%| O|  |TAMS 0x0000000080700000, 0x0000000080600000| Untracked 
|   7|0x0000000080700000, 0x0000000080800000, 0x0000000080800000|100%| O|  |TAMS 0x0000000080800000, 0x0000000080700000| Untracked 
|   8|0x0000000080800000, 0x0000000080900000, 0x0000000080900000|100%| O|  |TAMS 0x0000000080900000, 0x0000000080800000| Untracked 
|   9|0x0000000080900000, 0x0000000080a00000, 0x0000000080a00000|100%| O|  |TAMS 0x0000000080a00000, 0x0000000080900000| Untracked 
|  10|0x0000000080a00000, 0x0000000080b00000, 0x0000000080b00000|100%| O|  |TAMS 0x0000000080b00000, 0x0000000080a00000| Untracked 
|  11|0x0000000080b00000, 0x0000000080c00000, 0x0000000080c00000|100%| O|  |TAMS 0x0000000080c00000, 0x0000000080b00000| Untracked 
|  12|0x0000000080c00000, 0x0000000080d00000, 0x0000000080d00000|100%| O|  |TAMS 0x0000000080d00000, 0x0000000080c00000| Untracked 
|  13|0x0000000080d00000, 0x0000000080e00000, 0x0000000080e00000|100%| O|  |TAMS 0x0000000080e00000, 0x0000000080d00000| Untracked 
|  14|0x0000000080e00000, 0x0000000080f00000, 0x0000000080f00000|100%| O|  |TAMS 0x0000000080f00000, 0x0000000080e00000| Untracked 
|  15|0x0000000080f00000, 0x0000000081000000, 0x0000000081000000|100%| O|  |TAMS 0x0000000081000000, 0x0000000080f00000| Untracked 
|  16|0x0000000081000000, 0x0000000081100000, 0x0000000081100000|100%| O|  |TAMS 0x0000000081100000, 0x0000000081000000| Untracked 
|  17|0x0000000081100000, 0x0000000081200000, 0x0000000081200000|100%| O|  |TAMS 0x0000000081200000, 0x0000000081100000| Untracked 
|  18|0x0000000081200000, 0x0000000081300000, 0x0000000081300000|100%| O|  |TAMS 0x0000000081300000, 0x0000000081200000| Untracked 
|  19|0x0000000081300000, 0x0000000081400000, 0x0000000081400000|100%| O|  |TAMS 0x0000000081400000, 0x0000000081300000| Untracked 
|  20|0x0000000081400000, 0x0000000081500000, 0x0000000081500000|100%| O|  |TAMS 0x0000000081500000, 0x0000000081400000| Untracked 
|  21|0x0000000081500000, 0x0000000081600000, 0x0000000081600000|100%| O|  |TAMS 0x0000000081600000, 0x0000000081500000| Untracked 
|  22|0x0000000081600000, 0x0000000081700000, 0x0000000081700000|100%| O|  |TAMS 0x0000000081700000, 0x0000000081600000| Untracked 
|  23|0x0000000081700000, 0x0000000081800000, 0x0000000081800000|100%| O|  |TAMS 0x0000000081800000, 0x0000000081700000| Untracked 
|  24|0x0000000081800000, 0x0000000081900000, 0x0000000081900000|100%| O|  |TAMS 0x0000000081900000, 0x0000000081800000| Untracked 
|  25|0x0000000081900000, 0x0000000081a00000, 0x0000000081a00000|100%| O|  |TAMS 0x0000000081a00000, 0x0000000081900000| Untracked 
|  26|0x0000000081a00000, 0x0000000081b00000, 0x0000000081b00000|100%|HS|  |TAMS 0x0000000081b00000, 0x0000000081a00000| Complete 
|  27|0x0000000081b00000, 0x0000000081c00000, 0x0000000081c00000|100%|HS|  |TAMS 0x0000000081c00000, 0x0000000081b00000| Complete 
|  28|0x0000000081c00000, 0x0000000081d00000, 0x0000000081d00000|100%|HS|  |TAMS 0x0000000081d00000, 0x0000000081c00000| Complete 
|  29|0x0000000081d00000, 0x0000000081e00000, 0x0000000081e00000|100%|HS|  |TAMS 0x0000000081e00000, 0x0000000081d00000| Complete 
|  30|0x0000000081e00000, 0x0000000081f00000, 0x0000000081f00000|100%|HS|  |TAMS 0x0000000081f00000, 0x0000000081e00000| Complete 
|  31|0x0000000081f00000, 0x0000000082000000, 0x0000000082000000|100%|HC|  |TAMS 0x0000000082000000, 0x0000000081f00000| Complete 
|  32|0x0000000082000000, 0x0000000082100000, 0x0000000082100000|100%|HC|  |TAMS 0x0000000082100000, 0x0000000082000000| Complete 
|  33|0x0000000082100000, 0x0000000082200000, 0x0000000082200000|100%| O|  |TAMS 0x0000000082200000, 0x0000000082100000| Untracked 
|  34|0x0000000082200000, 0x0000000082300000, 0x0000000082300000|100%| O|  |TAMS 0x0000000082300000, 0x0000000082200000| Untracked 
|  35|0x0000000082300000, 0x0000000082400000, 0x0000000082400000|100%| O|  |TAMS 0x0000000082400000, 0x0000000082300000| Untracked 
|  36|0x0000000082400000, 0x0000000082500000, 0x0000000082500000|100%| O|  |TAMS 0x0000000082500000, 0x0000000082400000| Untracked 
|  37|0x0000000082500000, 0x0000000082600000, 0x0000000082600000|100%|HS|  |TAMS 0x0000000082600000, 0x0000000082500000| Complete 
|  38|0x0000000082600000, 0x0000000082700000, 0x0000000082700000|100%|HC|  |TAMS 0x0000000082700000, 0x0000000082600000| Complete 
|  39|0x0000000082700000, 0x0000000082800000, 0x0000000082800000|100%| O|  |TAMS 0x0000000082800000, 0x0000000082700000| Untracked 
|  40|0x0000000082800000, 0x0000000082900000, 0x0000000082900000|100%| O|  |TAMS 0x0000000082900000, 0x0000000082800000| Untracked 
|  41|0x0000000082900000, 0x0000000082a00000, 0x0000000082a00000|100%| O|  |TAMS 0x0000000082a00000, 0x0000000082900000| Untracked 
|  42|0x0000000082a00000, 0x0000000082b00000, 0x0000000082b00000|100%| O|  |TAMS 0x0000000082b00000, 0x0000000082a00000| Untracked 
|  43|0x0000000082b00000, 0x0000000082c00000, 0x0000000082c00000|100%| O|  |TAMS 0x0000000082c00000, 0x0000000082b00000| Untracked 
|  44|0x0000000082c00000, 0x0000000082d00000, 0x0000000082d00000|100%| O|  |TAMS 0x0000000082d00000, 0x0000000082c00000| Untracked 
|  45|0x0000000082d00000, 0x0000000082e00000, 0x0000000082e00000|100%| O|  |TAMS 0x0000000082e00000, 0x0000000082d00000| Untracked 
|  46|0x0000000082e00000, 0x0000000082f00000, 0x0000000082f00000|100%| O|  |TAMS 0x0000000082f00000, 0x0000000082e00000| Untracked 
|  47|0x0000000082f00000, 0x0000000083000000, 0x0000000083000000|100%| O|  |TAMS 0x0000000083000000, 0x0000000082f00000| Untracked 
|  48|0x0000000083000000, 0x0000000083100000, 0x0000000083100000|100%| O|  |TAMS 0x0000000083100000, 0x0000000083000000| Untracked 
|  49|0x0000000083100000, 0x0000000083200000, 0x0000000083200000|100%| O|  |TAMS 0x0000000083200000, 0x0000000083100000| Untracked 
|  50|0x0000000083200000, 0x0000000083300000, 0x0000000083300000|100%| O|  |TAMS 0x0000000083300000, 0x0000000083200000| Untracked 
|  51|0x0000000083300000, 0x0000000083400000, 0x0000000083400000|100%| O|  |TAMS 0x0000000083400000, 0x0000000083300000| Untracked 
|  52|0x0000000083400000, 0x0000000083500000, 0x0000000083500000|100%| O|  |TAMS 0x0000000083500000, 0x0000000083400000| Untracked 
|  53|0x0000000083500000, 0x0000000083600000, 0x0000000083600000|100%| O|  |TAMS 0x0000000083600000, 0x0000000083500000| Untracked 
|  54|0x0000000083600000, 0x0000000083700000, 0x0000000083700000|100%| O|  |TAMS 0x0000000083700000, 0x0000000083600000| Untracked 
|  55|0x0000000083700000, 0x0000000083800000, 0x0000000083800000|100%| O|  |TAMS 0x0000000083800000, 0x0000000083700000| Untracked 
|  56|0x0000000083800000, 0x0000000083900000, 0x0000000083900000|100%| O|  |TAMS 0x0000000083900000, 0x0000000083800000| Untracked 
|  57|0x0000000083900000, 0x0000000083a00000, 0x0000000083a00000|100%| O|  |TAMS 0x0000000083a00000, 0x0000000083900000| Untracked 
|  58|0x0000000083a00000, 0x0000000083b00000, 0x0000000083b00000|100%| O|  |TAMS 0x0000000083b00000, 0x0000000083a00000| Untracked 
|  59|0x0000000083b00000, 0x0000000083c00000, 0x0000000083c00000|100%| O|  |TAMS 0x0000000083c00000, 0x0000000083b00000| Untracked 
|  60|0x0000000083c00000, 0x0000000083d00000, 0x0000000083d00000|100%| O|  |TAMS 0x0000000083d00000, 0x0000000083c00000| Untracked 
|  61|0x0000000083d00000, 0x0000000083e00000, 0x0000000083e00000|100%| O|  |TAMS 0x0000000083e00000, 0x0000000083d00000| Untracked 
|  62|0x0000000083e00000, 0x0000000083f00000, 0x0000000083f00000|100%| O|  |TAMS 0x0000000083f00000, 0x0000000083e00000| Untracked 
|  63|0x0000000083f00000, 0x0000000084000000, 0x0000000084000000|100%| O|  |TAMS 0x0000000084000000, 0x0000000083f00000| Untracked 
|  64|0x0000000084000000, 0x0000000084100000, 0x0000000084100000|100%| O|  |TAMS 0x0000000084100000, 0x0000000084000000| Untracked 
|  65|0x0000000084100000, 0x0000000084200000, 0x0000000084200000|100%| O|  |TAMS 0x0000000084200000, 0x0000000084100000| Untracked 
|  66|0x0000000084200000, 0x0000000084300000, 0x0000000084300000|100%| O|  |TAMS 0x0000000084300000, 0x0000000084200000| Untracked 
|  67|0x0000000084300000, 0x0000000084400000, 0x0000000084400000|100%| O|  |TAMS 0x0000000084400000, 0x0000000084300000| Untracked 
|  68|0x0000000084400000, 0x0000000084500000, 0x0000000084500000|100%| O|  |TAMS 0x0000000084500000, 0x0000000084400000| Untracked 
|  69|0x0000000084500000, 0x0000000084600000, 0x0000000084600000|100%| O|  |TAMS 0x0000000084600000, 0x0000000084500000| Untracked 
|  70|0x0000000084600000, 0x0000000084700000, 0x0000000084700000|100%| O|  |TAMS 0x0000000084700000, 0x0000000084600000| Untracked 
|  71|0x0000000084700000, 0x0000000084800000, 0x0000000084800000|100%| O|  |TAMS 0x0000000084800000, 0x0000000084700000| Untracked 
|  72|0x0000000084800000, 0x0000000084900000, 0x0000000084900000|100%| O|  |TAMS 0x0000000084900000, 0x0000000084800000| Untracked 
|  73|0x0000000084900000, 0x0000000084a00000, 0x0000000084a00000|100%| O|  |TAMS 0x0000000084a00000, 0x0000000084900000| Untracked 
|  74|0x0000000084a00000, 0x0000000084b00000, 0x0000000084b00000|100%| O|  |TAMS 0x0000000084b00000, 0x0000000084a00000| Untracked 
|  75|0x0000000084b00000, 0x0000000084c00000, 0x0000000084c00000|100%| O|  |TAMS 0x0000000084c00000, 0x0000000084b00000| Untracked 
|  76|0x0000000084c00000, 0x0000000084d00000, 0x0000000084d00000|100%| O|  |TAMS 0x0000000084d00000, 0x0000000084c00000| Untracked 
|  77|0x0000000084d00000, 0x0000000084e00000, 0x0000000084e00000|100%| O|  |TAMS 0x0000000084e00000, 0x0000000084d00000| Untracked 
|  78|0x0000000084e00000, 0x0000000084f00000, 0x0000000084f00000|100%| O|  |TAMS 0x0000000084f00000, 0x0000000084e00000| Untracked 
|  79|0x0000000084f00000, 0x0000000085000000, 0x0000000085000000|100%| O|  |TAMS 0x0000000085000000, 0x0000000084f00000| Untracked 
|  80|0x0000000085000000, 0x0000000085100000, 0x0000000085100000|100%| O|  |TAMS 0x0000000085100000, 0x0000000085000000| Untracked 
|  81|0x0000000085100000, 0x0000000085200000, 0x0000000085200000|100%| O|  |TAMS 0x0000000085200000, 0x0000000085100000| Untracked 
|  82|0x0000000085200000, 0x0000000085300000, 0x0000000085300000|100%| O|  |TAMS 0x0000000085300000, 0x0000000085200000| Untracked 
|  83|0x0000000085300000, 0x0000000085400000, 0x0000000085400000|100%| O|  |TAMS 0x0000000085400000, 0x0000000085300000| Untracked 
|  84|0x0000000085400000, 0x0000000085500000, 0x0000000085500000|100%| O|  |TAMS 0x0000000085500000, 0x0000000085400000| Untracked 
|  85|0x0000000085500000, 0x0000000085600000, 0x0000000085600000|100%| O|  |TAMS 0x0000000085600000, 0x0000000085500000| Untracked 
|  86|0x0000000085600000, 0x0000000085700000, 0x0000000085700000|100%| O|  |TAMS 0x0000000085700000, 0x0000000085600000| Untracked 
|  87|0x0000000085700000, 0x0000000085800000, 0x0000000085800000|100%| O|  |TAMS 0x0000000085800000, 0x0000000085700000| Untracked 
|  88|0x0000000085800000, 0x0000000085900000, 0x0000000085900000|100%| O|  |TAMS 0x00000000858cd800, 0x0000000085800000| Untracked 
|  89|0x0000000085900000, 0x0000000085a00000, 0x0000000085a00000|100%| O|  |TAMS 0x0000000085900000, 0x0000000085900000| Untracked 
|  90|0x0000000085a00000, 0x0000000085b00000, 0x0000000085b00000|100%| O|  |TAMS 0x0000000085a00000, 0x0000000085a00000| Untracked 
|  91|0x0000000085b00000, 0x0000000085c00000, 0x0000000085c00000|100%| O|  |TAMS 0x0000000085b00000, 0x0000000085b00000| Untracked 
|  92|0x0000000085c00000, 0x0000000085d00000, 0x0000000085d00000|100%| O|  |TAMS 0x0000000085c00000, 0x0000000085c00000| Untracked 
|  93|0x0000000085d00000, 0x0000000085e00000, 0x0000000085e00000|100%| O|  |TAMS 0x0000000085d00000, 0x0000000085d00000| Untracked 
|  94|0x0000000085e00000, 0x0000000085f00000, 0x0000000085f00000|100%| O|  |TAMS 0x0000000085e00000, 0x0000000085e00000| Untracked 
|  95|0x0000000085f00000, 0x0000000086000000, 0x0000000086000000|100%| O|  |TAMS 0x0000000085f00000, 0x0000000085f00000| Untracked 
|  96|0x0000000086000000, 0x0000000086100000, 0x0000000086100000|100%| O|  |TAMS 0x0000000086000000, 0x0000000086000000| Untracked 
|  97|0x0000000086100000, 0x0000000086200000, 0x0000000086200000|100%| O|  |TAMS 0x0000000086100000, 0x0000000086100000| Untracked 
|  98|0x0000000086200000, 0x0000000086300000, 0x0000000086300000|100%| O|  |TAMS 0x0000000086200000, 0x0000000086200000| Untracked 
|  99|0x0000000086300000, 0x00000000863e7200, 0x0000000086400000| 90%| O|  |TAMS 0x0000000086300000, 0x0000000086300000| Untracked 
| 100|0x0000000086400000, 0x0000000086400000, 0x0000000086500000|  0%| F|  |TAMS 0x0000000086400000, 0x0000000086400000| Untracked 
| 101|0x0000000086500000, 0x0000000086500000, 0x0000000086600000|  0%| F|  |TAMS 0x0000000086500000, 0x0000000086500000| Untracked 
| 102|0x0000000086600000, 0x0000000086600000, 0x0000000086700000|  0%| F|  |TAMS 0x0000000086600000, 0x0000000086600000| Untracked 
| 103|0x0000000086700000, 0x0000000086700000, 0x0000000086800000|  0%| F|  |TAMS 0x0000000086700000, 0x0000000086700000| Untracked 
| 104|0x0000000086800000, 0x0000000086800000, 0x0000000086900000|  0%| F|  |TAMS 0x0000000086800000, 0x0000000086800000| Untracked 
| 105|0x0000000086900000, 0x0000000086900000, 0x0000000086a00000|  0%| F|  |TAMS 0x0000000086900000, 0x0000000086900000| Untracked 
| 106|0x0000000086a00000, 0x0000000086a00000, 0x0000000086b00000|  0%| F|  |TAMS 0x0000000086a00000, 0x0000000086a00000| Untracked 
| 107|0x0000000086b00000, 0x0000000086b00000, 0x0000000086c00000|  0%| F|  |TAMS 0x0000000086b00000, 0x0000000086b00000| Untracked 
| 108|0x0000000086c00000, 0x0000000086c00000, 0x0000000086d00000|  0%| F|  |TAMS 0x0000000086c00000, 0x0000000086c00000| Untracked 
| 109|0x0000000086d00000, 0x0000000086d00000, 0x0000000086e00000|  0%| F|  |TAMS 0x0000000086d00000, 0x0000000086d00000| Untracked 
| 110|0x0000000086e00000, 0x0000000086e00000, 0x0000000086f00000|  0%| F|  |TAMS 0x0000000086e00000, 0x0000000086e00000| Untracked 
| 111|0x0000000086f00000, 0x0000000086f00000, 0x0000000087000000|  0%| F|  |TAMS 0x0000000086f00000, 0x0000000086f00000| Untracked 
| 112|0x0000000087000000, 0x0000000087000000, 0x0000000087100000|  0%| F|  |TAMS 0x0000000087000000, 0x0000000087000000| Untracked 
| 113|0x0000000087100000, 0x0000000087100000, 0x0000000087200000|  0%| F|  |TAMS 0x0000000087100000, 0x0000000087100000| Untracked 
| 114|0x0000000087200000, 0x0000000087200000, 0x0000000087300000|  0%| F|  |TAMS 0x0000000087200000, 0x0000000087200000| Untracked 
| 115|0x0000000087300000, 0x0000000087300000, 0x0000000087400000|  0%| F|  |TAMS 0x0000000087300000, 0x0000000087300000| Untracked 
| 116|0x0000000087400000, 0x0000000087400000, 0x0000000087500000|  0%| F|  |TAMS 0x0000000087400000, 0x0000000087400000| Untracked 
| 117|0x0000000087500000, 0x0000000087500000, 0x0000000087600000|  0%| F|  |TAMS 0x0000000087500000, 0x0000000087500000| Untracked 
| 118|0x0000000087600000, 0x0000000087600000, 0x0000000087700000|  0%| F|  |TAMS 0x0000000087600000, 0x0000000087600000| Untracked 
| 119|0x0000000087700000, 0x0000000087700000, 0x0000000087800000|  0%| F|  |TAMS 0x0000000087700000, 0x0000000087700000| Untracked 
| 120|0x0000000087800000, 0x0000000087800000, 0x0000000087900000|  0%| F|  |TAMS 0x0000000087800000, 0x0000000087800000| Untracked 
| 121|0x0000000087900000, 0x0000000087900000, 0x0000000087a00000|  0%| F|  |TAMS 0x0000000087900000, 0x0000000087900000| Untracked 
| 122|0x0000000087a00000, 0x0000000087a00000, 0x0000000087b00000|  0%| F|  |TAMS 0x0000000087a00000, 0x0000000087a00000| Untracked 
| 123|0x0000000087b00000, 0x0000000087b00000, 0x0000000087c00000|  0%| F|  |TAMS 0x0000000087b00000, 0x0000000087b00000| Untracked 
| 124|0x0000000087c00000, 0x0000000087c00000, 0x0000000087d00000|  0%| F|  |TAMS 0x0000000087c00000, 0x0000000087c00000| Untracked 
| 125|0x0000000087d00000, 0x0000000087d00000, 0x0000000087e00000|  0%| F|  |TAMS 0x0000000087d00000, 0x0000000087d00000| Untracked 
| 126|0x0000000087e00000, 0x0000000087e00000, 0x0000000087f00000|  0%| F|  |TAMS 0x0000000087e00000, 0x0000000087e00000| Untracked 
| 127|0x0000000087f00000, 0x0000000087f00000, 0x0000000088000000|  0%| F|  |TAMS 0x0000000087f00000, 0x0000000087f00000| Untracked 
| 128|0x0000000088000000, 0x0000000088000000, 0x0000000088100000|  0%| F|  |TAMS 0x0000000088000000, 0x0000000088000000| Untracked 
| 129|0x0000000088100000, 0x0000000088100000, 0x0000000088200000|  0%| F|  |TAMS 0x0000000088100000, 0x0000000088100000| Untracked 
| 130|0x0000000088200000, 0x0000000088200000, 0x0000000088300000|  0%| F|  |TAMS 0x0000000088200000, 0x0000000088200000| Untracked 
| 131|0x0000000088300000, 0x0000000088300000, 0x0000000088400000|  0%| F|  |TAMS 0x0000000088300000, 0x0000000088300000| Untracked 
| 132|0x0000000088400000, 0x0000000088400000, 0x0000000088500000|  0%| F|  |TAMS 0x0000000088400000, 0x0000000088400000| Untracked 
| 133|0x0000000088500000, 0x0000000088500000, 0x0000000088600000|  0%| F|  |TAMS 0x0000000088500000, 0x0000000088500000| Untracked 
| 134|0x0000000088600000, 0x0000000088600000, 0x0000000088700000|  0%| F|  |TAMS 0x0000000088600000, 0x0000000088600000| Untracked 
| 135|0x0000000088700000, 0x0000000088700000, 0x0000000088800000|  0%| F|  |TAMS 0x0000000088700000, 0x0000000088700000| Untracked 
| 136|0x0000000088800000, 0x0000000088800000, 0x0000000088900000|  0%| F|  |TAMS 0x0000000088800000, 0x0000000088800000| Untracked 
| 137|0x0000000088900000, 0x0000000088900000, 0x0000000088a00000|  0%| F|  |TAMS 0x0000000088900000, 0x0000000088900000| Untracked 
| 138|0x0000000088a00000, 0x0000000088a00000, 0x0000000088b00000|  0%| F|  |TAMS 0x0000000088a00000, 0x0000000088a00000| Untracked 
| 139|0x0000000088b00000, 0x0000000088b00000, 0x0000000088c00000|  0%| F|  |TAMS 0x0000000088b00000, 0x0000000088b00000| Untracked 
| 140|0x0000000088c00000, 0x0000000088c00000, 0x0000000088d00000|  0%| F|  |TAMS 0x0000000088c00000, 0x0000000088c00000| Untracked 
| 141|0x0000000088d00000, 0x0000000088d00000, 0x0000000088e00000|  0%| F|  |TAMS 0x0000000088d00000, 0x0000000088d00000| Untracked 
| 142|0x0000000088e00000, 0x0000000088e00000, 0x0000000088f00000|  0%| F|  |TAMS 0x0000000088e00000, 0x0000000088e00000| Untracked 
| 143|0x0000000088f00000, 0x0000000088f00000, 0x0000000089000000|  0%| F|  |TAMS 0x0000000088f00000, 0x0000000088f00000| Untracked 
| 144|0x0000000089000000, 0x0000000089000000, 0x0000000089100000|  0%| F|  |TAMS 0x0000000089000000, 0x0000000089000000| Untracked 
| 145|0x0000000089100000, 0x0000000089100000, 0x0000000089200000|  0%| F|  |TAMS 0x0000000089100000, 0x0000000089100000| Untracked 
| 146|0x0000000089200000, 0x0000000089200000, 0x0000000089300000|  0%| F|  |TAMS 0x0000000089200000, 0x0000000089200000| Untracked 
| 147|0x0000000089300000, 0x0000000089300000, 0x0000000089400000|  0%| F|  |TAMS 0x0000000089300000, 0x0000000089300000| Untracked 
| 148|0x0000000089400000, 0x0000000089400000, 0x0000000089500000|  0%| F|  |TAMS 0x0000000089400000, 0x0000000089400000| Untracked 
| 149|0x0000000089500000, 0x0000000089500000, 0x0000000089600000|  0%| F|  |TAMS 0x0000000089500000, 0x0000000089500000| Untracked 
| 150|0x0000000089600000, 0x0000000089600000, 0x0000000089700000|  0%| F|  |TAMS 0x0000000089600000, 0x0000000089600000| Untracked 
| 151|0x0000000089700000, 0x0000000089700000, 0x0000000089800000|  0%| F|  |TAMS 0x0000000089700000, 0x0000000089700000| Untracked 
| 152|0x0000000089800000, 0x0000000089800000, 0x0000000089900000|  0%| F|  |TAMS 0x0000000089800000, 0x0000000089800000| Untracked 
| 153|0x0000000089900000, 0x0000000089900000, 0x0000000089a00000|  0%| F|  |TAMS 0x0000000089900000, 0x0000000089900000| Untracked 
| 154|0x0000000089a00000, 0x0000000089a00000, 0x0000000089b00000|  0%| F|  |TAMS 0x0000000089a00000, 0x0000000089a00000| Untracked 
| 155|0x0000000089b00000, 0x0000000089b00000, 0x0000000089c00000|  0%| F|  |TAMS 0x0000000089b00000, 0x0000000089b00000| Untracked 
| 156|0x0000000089c00000, 0x0000000089c00000, 0x0000000089d00000|  0%| F|  |TAMS 0x0000000089c00000, 0x0000000089c00000| Untracked 
| 157|0x0000000089d00000, 0x0000000089d00000, 0x0000000089e00000|  0%| F|  |TAMS 0x0000000089d00000, 0x0000000089d00000| Untracked 
| 158|0x0000000089e00000, 0x0000000089e00000, 0x0000000089f00000|  0%| F|  |TAMS 0x0000000089e00000, 0x0000000089e00000| Untracked 
| 159|0x0000000089f00000, 0x0000000089f00000, 0x000000008a000000|  0%| F|  |TAMS 0x0000000089f00000, 0x0000000089f00000| Untracked 
| 160|0x000000008a000000, 0x000000008a000000, 0x000000008a100000|  0%| F|  |TAMS 0x000000008a000000, 0x000000008a000000| Untracked 
| 161|0x000000008a100000, 0x000000008a100000, 0x000000008a200000|  0%| F|  |TAMS 0x000000008a100000, 0x000000008a100000| Untracked 
| 162|0x000000008a200000, 0x000000008a200000, 0x000000008a300000|  0%| F|  |TAMS 0x000000008a200000, 0x000000008a200000| Untracked 
| 163|0x000000008a300000, 0x000000008a300000, 0x000000008a400000|  0%| F|  |TAMS 0x000000008a300000, 0x000000008a300000| Untracked 
| 164|0x000000008a400000, 0x000000008a400000, 0x000000008a500000|  0%| F|  |TAMS 0x000000008a400000, 0x000000008a400000| Untracked 
| 165|0x000000008a500000, 0x000000008a500000, 0x000000008a600000|  0%| F|  |TAMS 0x000000008a500000, 0x000000008a500000| Untracked 
| 166|0x000000008a600000, 0x000000008a600000, 0x000000008a700000|  0%| F|  |TAMS 0x000000008a600000, 0x000000008a600000| Untracked 
| 167|0x000000008a700000, 0x000000008a700000, 0x000000008a800000|  0%| F|  |TAMS 0x000000008a700000, 0x000000008a700000| Untracked 
| 168|0x000000008a800000, 0x000000008a800000, 0x000000008a900000|  0%| F|  |TAMS 0x000000008a800000, 0x000000008a800000| Untracked 
| 169|0x000000008a900000, 0x000000008a900000, 0x000000008aa00000|  0%| F|  |TAMS 0x000000008a900000, 0x000000008a900000| Untracked 
| 170|0x000000008aa00000, 0x000000008aa00000, 0x000000008ab00000|  0%| F|  |TAMS 0x000000008aa00000, 0x000000008aa00000| Untracked 
| 171|0x000000008ab00000, 0x000000008ab00000, 0x000000008ac00000|  0%| F|  |TAMS 0x000000008ab00000, 0x000000008ab00000| Untracked 
| 172|0x000000008ac00000, 0x000000008ac00000, 0x000000008ad00000|  0%| F|  |TAMS 0x000000008ac00000, 0x000000008ac00000| Untracked 
| 173|0x000000008ad00000, 0x000000008ad00000, 0x000000008ae00000|  0%| F|  |TAMS 0x000000008ad00000, 0x000000008ad00000| Untracked 
| 174|0x000000008ae00000, 0x000000008ae00000, 0x000000008af00000|  0%| F|  |TAMS 0x000000008ae00000, 0x000000008ae00000| Untracked 
| 175|0x000000008af00000, 0x000000008af00000, 0x000000008b000000|  0%| F|  |TAMS 0x000000008af00000, 0x000000008af00000| Untracked 
| 176|0x000000008b000000, 0x000000008b000000, 0x000000008b100000|  0%| F|  |TAMS 0x000000008b000000, 0x000000008b000000| Untracked 
| 177|0x000000008b100000, 0x000000008b100000, 0x000000008b200000|  0%| F|  |TAMS 0x000000008b100000, 0x000000008b100000| Untracked 
| 178|0x000000008b200000, 0x000000008b200000, 0x000000008b300000|  0%| F|  |TAMS 0x000000008b200000, 0x000000008b200000| Untracked 
| 179|0x000000008b300000, 0x000000008b300000, 0x000000008b400000|  0%| F|  |TAMS 0x000000008b300000, 0x000000008b300000| Untracked 
| 180|0x000000008b400000, 0x000000008b400000, 0x000000008b500000|  0%| F|  |TAMS 0x000000008b400000, 0x000000008b400000| Untracked 
| 181|0x000000008b500000, 0x000000008b500000, 0x000000008b600000|  0%| F|  |TAMS 0x000000008b500000, 0x000000008b500000| Untracked 
| 182|0x000000008b600000, 0x000000008b600000, 0x000000008b700000|  0%| F|  |TAMS 0x000000008b600000, 0x000000008b600000| Untracked 
| 183|0x000000008b700000, 0x000000008b700000, 0x000000008b800000|  0%| F|  |TAMS 0x000000008b700000, 0x000000008b700000| Untracked 
| 184|0x000000008b800000, 0x000000008b800000, 0x000000008b900000|  0%| F|  |TAMS 0x000000008b800000, 0x000000008b800000| Untracked 
| 185|0x000000008b900000, 0x000000008b900000, 0x000000008ba00000|  0%| F|  |TAMS 0x000000008b900000, 0x000000008b900000| Untracked 
| 186|0x000000008ba00000, 0x000000008ba00000, 0x000000008bb00000|  0%| F|  |TAMS 0x000000008ba00000, 0x000000008ba00000| Untracked 
| 187|0x000000008bb00000, 0x000000008bb00000, 0x000000008bc00000|  0%| F|  |TAMS 0x000000008bb00000, 0x000000008bb00000| Untracked 
| 188|0x000000008bc00000, 0x000000008bc00000, 0x000000008bd00000|  0%| F|  |TAMS 0x000000008bc00000, 0x000000008bc00000| Untracked 
| 189|0x000000008bd00000, 0x000000008bd00000, 0x000000008be00000|  0%| F|  |TAMS 0x000000008bd00000, 0x000000008bd00000| Untracked 
| 190|0x000000008be00000, 0x000000008be00000, 0x000000008bf00000|  0%| F|  |TAMS 0x000000008be00000, 0x000000008be00000| Untracked 
| 191|0x000000008bf00000, 0x000000008bf00000, 0x000000008c000000|  0%| F|  |TAMS 0x000000008bf00000, 0x000000008bf00000| Untracked 
| 192|0x000000008c000000, 0x000000008c000000, 0x000000008c100000|  0%| F|  |TAMS 0x000000008c000000, 0x000000008c000000| Untracked 
| 193|0x000000008c100000, 0x000000008c148670, 0x000000008c200000| 28%| S|CS|TAMS 0x000000008c100000, 0x000000008c100000| Complete 
| 194|0x000000008c200000, 0x000000008c300000, 0x000000008c300000|100%| S|CS|TAMS 0x000000008c200000, 0x000000008c200000| Complete 
| 195|0x000000008c300000, 0x000000008c400000, 0x000000008c400000|100%| S|CS|TAMS 0x000000008c300000, 0x000000008c300000| Complete 
| 196|0x000000008c400000, 0x000000008c500000, 0x000000008c500000|100%| S|CS|TAMS 0x000000008c400000, 0x000000008c400000| Complete 
| 197|0x000000008c500000, 0x000000008c600000, 0x000000008c600000|100%| S|CS|TAMS 0x000000008c500000, 0x000000008c500000| Complete 
| 198|0x000000008c600000, 0x000000008c700000, 0x000000008c700000|100%| S|CS|TAMS 0x000000008c600000, 0x000000008c600000| Complete 
| 199|0x000000008c700000, 0x000000008c800000, 0x000000008c800000|100%| S|CS|TAMS 0x000000008c700000, 0x000000008c700000| Complete 
| 200|0x000000008c800000, 0x000000008c900000, 0x000000008c900000|100%| S|CS|TAMS 0x000000008c800000, 0x000000008c800000| Complete 
| 201|0x000000008c900000, 0x000000008c900000, 0x000000008ca00000|  0%| F|  |TAMS 0x000000008c900000, 0x000000008c900000| Untracked 
| 202|0x000000008ca00000, 0x000000008ca00000, 0x000000008cb00000|  0%| F|  |TAMS 0x000000008ca00000, 0x000000008ca00000| Untracked 
| 203|0x000000008cb00000, 0x000000008cb00000, 0x000000008cc00000|  0%| F|  |TAMS 0x000000008cb00000, 0x000000008cb00000| Untracked 
| 204|0x000000008cc00000, 0x000000008cc00000, 0x000000008cd00000|  0%| F|  |TAMS 0x000000008cc00000, 0x000000008cc00000| Untracked 
| 205|0x000000008cd00000, 0x000000008cd00000, 0x000000008ce00000|  0%| F|  |TAMS 0x000000008cd00000, 0x000000008cd00000| Untracked 
| 206|0x000000008ce00000, 0x000000008ce00000, 0x000000008cf00000|  0%| F|  |TAMS 0x000000008ce00000, 0x000000008ce00000| Untracked 
| 207|0x000000008cf00000, 0x000000008cf00000, 0x000000008d000000|  0%| F|  |TAMS 0x000000008cf00000, 0x000000008cf00000| Untracked 
| 208|0x000000008d000000, 0x000000008d000000, 0x000000008d100000|  0%| F|  |TAMS 0x000000008d000000, 0x000000008d000000| Untracked 
| 209|0x000000008d100000, 0x000000008d100000, 0x000000008d200000|  0%| F|  |TAMS 0x000000008d100000, 0x000000008d100000| Untracked 
| 210|0x000000008d200000, 0x000000008d200000, 0x000000008d300000|  0%| F|  |TAMS 0x000000008d200000, 0x000000008d200000| Untracked 
| 211|0x000000008d300000, 0x000000008d300000, 0x000000008d400000|  0%| F|  |TAMS 0x000000008d300000, 0x000000008d300000| Untracked 
| 212|0x000000008d400000, 0x000000008d400000, 0x000000008d500000|  0%| F|  |TAMS 0x000000008d400000, 0x000000008d400000| Untracked 
| 213|0x000000008d500000, 0x000000008d500000, 0x000000008d600000|  0%| F|  |TAMS 0x000000008d500000, 0x000000008d500000| Untracked 
| 214|0x000000008d600000, 0x000000008d600000, 0x000000008d700000|  0%| F|  |TAMS 0x000000008d600000, 0x000000008d600000| Untracked 
| 215|0x000000008d700000, 0x000000008d700000, 0x000000008d800000|  0%| F|  |TAMS 0x000000008d700000, 0x000000008d700000| Untracked 
| 216|0x000000008d800000, 0x000000008d800000, 0x000000008d900000|  0%| F|  |TAMS 0x000000008d800000, 0x000000008d800000| Untracked 
| 217|0x000000008d900000, 0x000000008d900000, 0x000000008da00000|  0%| F|  |TAMS 0x000000008d900000, 0x000000008d900000| Untracked 
| 218|0x000000008da00000, 0x000000008da00000, 0x000000008db00000|  0%| F|  |TAMS 0x000000008da00000, 0x000000008da00000| Untracked 
| 219|0x000000008db00000, 0x000000008db00000, 0x000000008dc00000|  0%| F|  |TAMS 0x000000008db00000, 0x000000008db00000| Untracked 
| 220|0x000000008dc00000, 0x000000008dc00000, 0x000000008dd00000|  0%| F|  |TAMS 0x000000008dc00000, 0x000000008dc00000| Untracked 
| 221|0x000000008dd00000, 0x000000008dd00000, 0x000000008de00000|  0%| F|  |TAMS 0x000000008dd00000, 0x000000008dd00000| Untracked 
| 222|0x000000008de00000, 0x000000008de00000, 0x000000008df00000|  0%| F|  |TAMS 0x000000008de00000, 0x000000008de00000| Untracked 
| 223|0x000000008df00000, 0x000000008df00000, 0x000000008e000000|  0%| F|  |TAMS 0x000000008df00000, 0x000000008df00000| Untracked 
| 224|0x000000008e000000, 0x000000008e000000, 0x000000008e100000|  0%| F|  |TAMS 0x000000008e000000, 0x000000008e000000| Untracked 
| 225|0x000000008e100000, 0x000000008e100000, 0x000000008e200000|  0%| F|  |TAMS 0x000000008e100000, 0x000000008e100000| Untracked 
| 226|0x000000008e200000, 0x000000008e200000, 0x000000008e300000|  0%| F|  |TAMS 0x000000008e200000, 0x000000008e200000| Untracked 
| 227|0x000000008e300000, 0x000000008e300000, 0x000000008e400000|  0%| F|  |TAMS 0x000000008e300000, 0x000000008e300000| Untracked 
| 228|0x000000008e400000, 0x000000008e400000, 0x000000008e500000|  0%| F|  |TAMS 0x000000008e400000, 0x000000008e400000| Untracked 
| 229|0x000000008e500000, 0x000000008e500000, 0x000000008e600000|  0%| F|  |TAMS 0x000000008e500000, 0x000000008e500000| Untracked 
| 230|0x000000008e600000, 0x000000008e600000, 0x000000008e700000|  0%| F|  |TAMS 0x000000008e600000, 0x000000008e600000| Untracked 
| 231|0x000000008e700000, 0x000000008e700000, 0x000000008e800000|  0%| F|  |TAMS 0x000000008e700000, 0x000000008e700000| Untracked 
| 232|0x000000008e800000, 0x000000008e800000, 0x000000008e900000|  0%| F|  |TAMS 0x000000008e800000, 0x000000008e800000| Untracked 
| 233|0x000000008e900000, 0x000000008e900000, 0x000000008ea00000|  0%| F|  |TAMS 0x000000008e900000, 0x000000008e900000| Untracked 
| 234|0x000000008ea00000, 0x000000008ea00000, 0x000000008eb00000|  0%| F|  |TAMS 0x000000008ea00000, 0x000000008ea00000| Untracked 
| 235|0x000000008eb00000, 0x000000008eb00000, 0x000000008ec00000|  0%| F|  |TAMS 0x000000008eb00000, 0x000000008eb00000| Untracked 
| 236|0x000000008ec00000, 0x000000008ec00000, 0x000000008ed00000|  0%| F|  |TAMS 0x000000008ec00000, 0x000000008ec00000| Untracked 
| 237|0x000000008ed00000, 0x000000008ed00000, 0x000000008ee00000|  0%| F|  |TAMS 0x000000008ed00000, 0x000000008ed00000| Untracked 
| 238|0x000000008ee00000, 0x000000008ee00000, 0x000000008ef00000|  0%| F|  |TAMS 0x000000008ee00000, 0x000000008ee00000| Untracked 
| 239|0x000000008ef00000, 0x000000008ef00000, 0x000000008f000000|  0%| F|  |TAMS 0x000000008ef00000, 0x000000008ef00000| Untracked 
| 240|0x000000008f000000, 0x000000008f000000, 0x000000008f100000|  0%| F|  |TAMS 0x000000008f000000, 0x000000008f000000| Untracked 
| 241|0x000000008f100000, 0x000000008f100000, 0x000000008f200000|  0%| F|  |TAMS 0x000000008f100000, 0x000000008f100000| Untracked 
| 242|0x000000008f200000, 0x000000008f200000, 0x000000008f300000|  0%| F|  |TAMS 0x000000008f200000, 0x000000008f200000| Untracked 
| 243|0x000000008f300000, 0x000000008f300000, 0x000000008f400000|  0%| F|  |TAMS 0x000000008f300000, 0x000000008f300000| Untracked 
| 244|0x000000008f400000, 0x000000008f400000, 0x000000008f500000|  0%| F|  |TAMS 0x000000008f400000, 0x000000008f400000| Untracked 
| 245|0x000000008f500000, 0x000000008f500000, 0x000000008f600000|  0%| F|  |TAMS 0x000000008f500000, 0x000000008f500000| Untracked 
| 246|0x000000008f600000, 0x000000008f600000, 0x000000008f700000|  0%| F|  |TAMS 0x000000008f600000, 0x000000008f600000| Untracked 
| 247|0x000000008f700000, 0x000000008f700000, 0x000000008f800000|  0%| F|  |TAMS 0x000000008f700000, 0x000000008f700000| Untracked 
| 248|0x000000008f800000, 0x000000008f800000, 0x000000008f900000|  0%| F|  |TAMS 0x000000008f800000, 0x000000008f800000| Untracked 
| 249|0x000000008f900000, 0x000000008f900000, 0x000000008fa00000|  0%| F|  |TAMS 0x000000008f900000, 0x000000008f900000| Untracked 
| 250|0x000000008fa00000, 0x000000008fa00000, 0x000000008fb00000|  0%| F|  |TAMS 0x000000008fa00000, 0x000000008fa00000| Untracked 
| 251|0x000000008fb00000, 0x000000008fb00000, 0x000000008fc00000|  0%| F|  |TAMS 0x000000008fb00000, 0x000000008fb00000| Untracked 
| 252|0x000000008fc00000, 0x000000008fc00000, 0x000000008fd00000|  0%| F|  |TAMS 0x000000008fc00000, 0x000000008fc00000| Untracked 
| 253|0x000000008fd00000, 0x000000008fd00000, 0x000000008fe00000|  0%| F|  |TAMS 0x000000008fd00000, 0x000000008fd00000| Untracked 
| 254|0x000000008fe00000, 0x000000008fe00000, 0x000000008ff00000|  0%| F|  |TAMS 0x000000008fe00000, 0x000000008fe00000| Untracked 
| 255|0x000000008ff00000, 0x000000008ff00000, 0x0000000090000000|  0%| F|  |TAMS 0x000000008ff00000, 0x000000008ff00000| Untracked 
| 256|0x0000000090000000, 0x0000000090027a20, 0x0000000090100000| 15%| E|  |TAMS 0x0000000090000000, 0x0000000090000000| Complete 
| 257|0x0000000090100000, 0x0000000090200000, 0x0000000090200000|100%| E|CS|TAMS 0x0000000090100000, 0x0000000090100000| Complete 
| 258|0x0000000090200000, 0x0000000090300000, 0x0000000090300000|100%| E|CS|TAMS 0x0000000090200000, 0x0000000090200000| Complete 
| 259|0x0000000090300000, 0x0000000090400000, 0x0000000090400000|100%| E|CS|TAMS 0x0000000090300000, 0x0000000090300000| Complete 
| 260|0x0000000090400000, 0x0000000090500000, 0x0000000090500000|100%| E|CS|TAMS 0x0000000090400000, 0x0000000090400000| Complete 
| 261|0x0000000090500000, 0x0000000090600000, 0x0000000090600000|100%| E|CS|TAMS 0x0000000090500000, 0x0000000090500000| Complete 
| 262|0x0000000090600000, 0x0000000090700000, 0x0000000090700000|100%| E|CS|TAMS 0x0000000090600000, 0x0000000090600000| Complete 
| 263|0x0000000090700000, 0x0000000090800000, 0x0000000090800000|100%| E|CS|TAMS 0x0000000090700000, 0x0000000090700000| Complete 
| 264|0x0000000090800000, 0x0000000090900000, 0x0000000090900000|100%| E|CS|TAMS 0x0000000090800000, 0x0000000090800000| Complete 
| 265|0x0000000090900000, 0x0000000090a00000, 0x0000000090a00000|100%| E|CS|TAMS 0x0000000090900000, 0x0000000090900000| Complete 
| 266|0x0000000090a00000, 0x0000000090b00000, 0x0000000090b00000|100%| E|CS|TAMS 0x0000000090a00000, 0x0000000090a00000| Complete 
| 267|0x0000000090b00000, 0x0000000090c00000, 0x0000000090c00000|100%| E|CS|TAMS 0x0000000090b00000, 0x0000000090b00000| Complete 
| 268|0x0000000090c00000, 0x0000000090d00000, 0x0000000090d00000|100%| E|CS|TAMS 0x0000000090c00000, 0x0000000090c00000| Complete 
| 269|0x0000000090d00000, 0x0000000090e00000, 0x0000000090e00000|100%| E|CS|TAMS 0x0000000090d00000, 0x0000000090d00000| Complete 
| 270|0x0000000090e00000, 0x0000000090f00000, 0x0000000090f00000|100%| E|CS|TAMS 0x0000000090e00000, 0x0000000090e00000| Complete 
| 271|0x0000000090f00000, 0x0000000091000000, 0x0000000091000000|100%| E|CS|TAMS 0x0000000090f00000, 0x0000000090f00000| Complete 
| 272|0x0000000091000000, 0x0000000091100000, 0x0000000091100000|100%| E|CS|TAMS 0x0000000091000000, 0x0000000091000000| Complete 
| 273|0x0000000091100000, 0x0000000091200000, 0x0000000091200000|100%| E|CS|TAMS 0x0000000091100000, 0x0000000091100000| Complete 
| 274|0x0000000091200000, 0x0000000091300000, 0x0000000091300000|100%| E|CS|TAMS 0x0000000091200000, 0x0000000091200000| Complete 
| 275|0x0000000091300000, 0x0000000091400000, 0x0000000091400000|100%| E|CS|TAMS 0x0000000091300000, 0x0000000091300000| Complete 
| 276|0x0000000091400000, 0x0000000091500000, 0x0000000091500000|100%| E|CS|TAMS 0x0000000091400000, 0x0000000091400000| Complete 
| 277|0x0000000091500000, 0x0000000091600000, 0x0000000091600000|100%| E|CS|TAMS 0x0000000091500000, 0x0000000091500000| Complete 
| 278|0x0000000091600000, 0x0000000091700000, 0x0000000091700000|100%| E|CS|TAMS 0x0000000091600000, 0x0000000091600000| Complete 
| 279|0x0000000091700000, 0x0000000091800000, 0x0000000091800000|100%| E|CS|TAMS 0x0000000091700000, 0x0000000091700000| Complete 
| 280|0x0000000091800000, 0x0000000091900000, 0x0000000091900000|100%| E|CS|TAMS 0x0000000091800000, 0x0000000091800000| Complete 
| 281|0x0000000091900000, 0x0000000091a00000, 0x0000000091a00000|100%| E|CS|TAMS 0x0000000091900000, 0x0000000091900000| Complete 
| 282|0x0000000091a00000, 0x0000000091b00000, 0x0000000091b00000|100%| E|CS|TAMS 0x0000000091a00000, 0x0000000091a00000| Complete 
| 283|0x0000000091b00000, 0x0000000091c00000, 0x0000000091c00000|100%| E|CS|TAMS 0x0000000091b00000, 0x0000000091b00000| Complete 
| 284|0x0000000091c00000, 0x0000000091d00000, 0x0000000091d00000|100%| E|CS|TAMS 0x0000000091c00000, 0x0000000091c00000| Complete 
| 285|0x0000000091d00000, 0x0000000091e00000, 0x0000000091e00000|100%| E|CS|TAMS 0x0000000091d00000, 0x0000000091d00000| Complete 
| 286|0x0000000091e00000, 0x0000000091f00000, 0x0000000091f00000|100%| E|CS|TAMS 0x0000000091e00000, 0x0000000091e00000| Complete 
| 287|0x0000000091f00000, 0x0000000092000000, 0x0000000092000000|100%| E|CS|TAMS 0x0000000091f00000, 0x0000000091f00000| Complete 
| 288|0x0000000092000000, 0x0000000092100000, 0x0000000092100000|100%| E|CS|TAMS 0x0000000092000000, 0x0000000092000000| Complete 
| 289|0x0000000092100000, 0x0000000092200000, 0x0000000092200000|100%| E|CS|TAMS 0x0000000092100000, 0x0000000092100000| Complete 
| 290|0x0000000092200000, 0x0000000092300000, 0x0000000092300000|100%| E|CS|TAMS 0x0000000092200000, 0x0000000092200000| Complete 
| 291|0x0000000092300000, 0x0000000092400000, 0x0000000092400000|100%| E|CS|TAMS 0x0000000092300000, 0x0000000092300000| Complete 
| 292|0x0000000092400000, 0x0000000092500000, 0x0000000092500000|100%| E|CS|TAMS 0x0000000092400000, 0x0000000092400000| Complete 

Card table byte_map: [0x00000239f1e60000,0x00000239f2260000] _byte_map_base: 0x00000239f1a60000

Marking Bits (Prev, Next): (CMBitMap*) 0x00000239de31c7a8, (CMBitMap*) 0x00000239de31c7e0
 Prev Bits: [0x00000239f2660000, 0x00000239f4660000)
 Next Bits: [0x00000239f4660000, 0x00000239f6660000)

Polling page: 0x00000239dc840000

Metaspace:

Usage:
  Non-class:     86.34 MB capacity,    84.76 MB ( 98%) used,     1.29 MB (  1%) free+waste,   297.06 KB ( <1%) overhead. 
      Class:     13.52 MB capacity,    12.56 MB ( 93%) used,   848.13 KB (  6%) free+waste,   133.88 KB ( <1%) overhead. 
       Both:     99.86 MB capacity,    97.32 MB ( 97%) used,     2.12 MB (  2%) free+waste,   430.94 KB ( <1%) overhead. 

Virtual space:
  Non-class space:       88.00 MB reserved,      86.54 MB ( 98%) committed 
      Class space:        1.00 GB reserved,      13.57 MB (  1%) committed 
             Both:        1.09 GB reserved,     100.11 MB (  9%) committed 

Chunk freelists:
   Non-Class:  6.00 KB
       Class:  10.00 KB
        Both:  16.00 KB

MaxMetaspaceSize: 17179869184.00 GB
CompressedClassSpaceSize: 1.00 GB

CodeHeap 'non-profiled nmethods': size=120000Kb used=6491Kb max_used=6491Kb free=113508Kb
 bounds [0x00000239e98b0000, 0x00000239e9f10000, 0x00000239f0de0000]
CodeHeap 'profiled nmethods': size=120000Kb used=26682Kb max_used=26682Kb free=93317Kb
 bounds [0x00000239e2380000, 0x00000239e3d90000, 0x00000239e98b0000]
CodeHeap 'non-nmethods': size=5760Kb used=2332Kb max_used=2360Kb free=3427Kb
 bounds [0x00000239e1de0000, 0x00000239e2050000, 0x00000239e2380000]
 total_blobs=14049 nmethods=13096 adapters=864
 compilation: enabled
              stopped_count=0, restarted_count=0
 full_count=0

Compilation events (20 events):
Event: 49.025 Thread 0x00000239f92e1800 13334       3       org.gradle.api.internal.artifacts.ivyservice.resolveengine.graph.builder.ModuleSelectors$$Lambda$449/0x00000001005e2440::apply (11 bytes)
Event: 49.025 Thread 0x00000239f92e1800 nmethod 13334 0x00000239e3d7a990 code [0x00000239e3d7aba0, 0x00000239e3d7b2f8]
Event: 49.025 Thread 0x00000239f92e1800 13342       3       org.gradle.api.internal.artifacts.ivyservice.resolveengine.graph.builder.ResolveState::resolveVersionConstraint (23 bytes)
Event: 49.025 Thread 0x00000239f92e1800 nmethod 13342 0x00000239e3d7b510 code [0x00000239e3d7b740, 0x00000239e3d7c088]
Event: 49.025 Thread 0x00000239f92e1800 13335       3       org.gradle.api.internal.artifacts.ivyservice.resolveengine.graph.builder.ModuleSelectors::hasLatestSelector (27 bytes)
Event: 49.026 Thread 0x00000239f92e1800 nmethod 13335 0x00000239e3d7c310 code [0x00000239e3d7c500, 0x00000239e3d7c9f8]
Event: 49.026 Thread 0x00000239f92e1800 13336       3       org.gradle.api.internal.artifacts.ivyservice.resolveengine.graph.builder.ModuleSelectors::hasLatestSelector (10 bytes)
Event: 49.026 Thread 0x00000239f92e1800 nmethod 13336 0x00000239e3d7cb90 code [0x00000239e3d7cd60, 0x00000239e3d7cff8]
Event: 49.026 Thread 0x00000239f92e1800 13337       3       org.gradle.api.internal.artifacts.ivyservice.resolveengine.graph.builder.ModuleSelectors::hasLatestSelector (5 bytes)
Event: 49.026 Thread 0x00000239f92e1800 nmethod 13337 0x00000239e3d7d110 code [0x00000239e3d7d2c0, 0x00000239e3d7d498]
Event: 49.026 Thread 0x00000239f92e1800 13338       3       org.gradle.api.internal.artifacts.ivyservice.resolveengine.graph.builder.ModuleSelectors$$Lambda$450/0x0000000100620040::apply (11 bytes)
Event: 49.026 Thread 0x00000239f92e1800 nmethod 13338 0x00000239e3d7d510 code [0x00000239e3d7d720, 0x00000239e3d7dcd8]
Event: 49.026 Thread 0x00000239f92e1800 13339       3       org.gradle.api.internal.artifacts.ivyservice.resolveengine.graph.builder.ModuleSelectors::isDynamicSelector (29 bytes)
Event: 49.026 Thread 0x00000239f92e1800 nmethod 13339 0x00000239e3d7de90 code [0x00000239e3d7e060, 0x00000239e3d7e3b8]
Event: 49.026 Thread 0x00000239f92e1800 13340       3       org.gradle.api.internal.artifacts.ivyservice.resolveengine.graph.builder.ModuleSelectors$$Lambda$451/0x0000000100620440::apply (8 bytes)
Event: 49.027 Thread 0x00000239f92e1800 nmethod 13340 0x00000239e3d7e510 code [0x00000239e3d7e780, 0x00000239e3d7f368]
Event: 49.027 Thread 0x00000239f92e1800 13341       3       org.gradle.api.internal.artifacts.ivyservice.resolveengine.graph.builder.ModuleSelectors::requiredVersion (25 bytes)
Event: 49.027 Thread 0x00000239f92e1800 nmethod 13341 0x00000239e3d7f710 code [0x00000239e3d7f980, 0x00000239e3d803e8]
Event: 49.032 Thread 0x00000239f92e1800 13343       3       org.gradle.api.internal.artifacts.ivyservice.ivyresolve.RepositoryChainComponentMetaDataResolver::findBestMatch (66 bytes)
Event: 49.033 Thread 0x00000239f92e1800 nmethod 13343 0x00000239e3d80710 code [0x00000239e3d80980, 0x00000239e3d812b8]

GC Heap History (20 events):
Event: 11.174 GC heap before
{Heap before GC invocations=31 (full 0):
 garbage-first heap   total 115712K, used 97920K [0x0000000080000000, 0x0000000100000000)
  region size 1024K, 25 young (25600K), 3 survivors (3072K)
 Metaspace       used 81737K, capacity 83571K, committed 83696K, reserved 1122304K
  class space    used 10648K, capacity 11364K, committed 11468K, reserved 1048576K
}
Event: 11.180 GC heap after
{Heap after GC invocations=32 (full 0):
 garbage-first heap   total 139264K, used 77144K [0x0000000080000000, 0x0000000100000000)
  region size 1024K, 3 young (3072K), 3 survivors (3072K)
 Metaspace       used 81737K, capacity 83571K, committed 83696K, reserved 1122304K
  class space    used 10648K, capacity 11364K, committed 11468K, reserved 1048576K
}
Event: 11.723 GC heap before
{Heap before GC invocations=33 (full 0):
 garbage-first heap   total 139264K, used 108888K [0x0000000080000000, 0x0000000100000000)
  region size 1024K, 34 young (34816K), 3 survivors (3072K)
 Metaspace       used 84024K, capacity 85999K, committed 86256K, reserved 1124352K
  class space    used 10988K, capacity 11722K, committed 11724K, reserved 1048576K
}
Event: 11.728 GC heap after
{Heap after GC invocations=34 (full 0):
 garbage-first heap   total 139264K, used 79912K [0x0000000080000000, 0x0000000100000000)
  region size 1024K, 5 young (5120K), 5 survivors (5120K)
 Metaspace       used 84024K, capacity 85999K, committed 86256K, reserved 1124352K
  class space    used 10988K, capacity 11722K, committed 11724K, reserved 1048576K
}
Event: 12.018 GC heap before
{Heap before GC invocations=34 (full 0):
 garbage-first heap   total 139264K, used 110632K [0x0000000080000000, 0x0000000100000000)
  region size 1024K, 35 young (35840K), 5 survivors (5120K)
 Metaspace       used 85124K, capacity 87552K, committed 87792K, reserved 1124352K
  class space    used 11248K, capacity 12184K, committed 12236K, reserved 1048576K
}
Event: 12.047 GC heap after
{Heap after GC invocations=35 (full 0):
 garbage-first heap   total 139264K, used 83970K [0x0000000080000000, 0x0000000100000000)
  region size 1024K, 5 young (5120K), 5 survivors (5120K)
 Metaspace       used 85124K, capacity 87552K, committed 87792K, reserved 1124352K
  class space    used 11248K, capacity 12184K, committed 12236K, reserved 1048576K
}
Event: 12.229 GC heap before
{Heap before GC invocations=36 (full 0):
 garbage-first heap   total 139264K, used 111618K [0x0000000080000000, 0x0000000100000000)
  region size 1024K, 33 young (33792K), 5 survivors (5120K)
 Metaspace       used 85233K, capacity 87625K, committed 87792K, reserved 1124352K
  class space    used 11248K, capacity 12184K, committed 12236K, reserved 1048576K
}
Event: 12.233 GC heap after
{Heap after GC invocations=37 (full 0):
 garbage-first heap   total 139264K, used 85809K [0x0000000080000000, 0x0000000100000000)
  region size 1024K, 4 young (4096K), 4 survivors (4096K)
 Metaspace       used 85233K, capacity 87625K, committed 87792K, reserved 1124352K
  class space    used 11248K, capacity 12184K, committed 12236K, reserved 1048576K
}
Event: 12.440 GC heap before
{Heap before GC invocations=37 (full 0):
 garbage-first heap   total 139264K, used 112433K [0x0000000080000000, 0x0000000100000000)
  region size 1024K, 31 young (31744K), 4 survivors (4096K)
 Metaspace       used 85620K, capacity 88017K, committed 88304K, reserved 1126400K
  class space    used 11266K, capacity 12196K, committed 12236K, reserved 1048576K
}
Event: 12.445 GC heap after
{Heap after GC invocations=38 (full 0):
 garbage-first heap   total 191488K, used 87910K [0x0000000080000000, 0x0000000100000000)
  region size 1024K, 4 young (4096K), 4 survivors (4096K)
 Metaspace       used 85620K, capacity 88017K, committed 88304K, reserved 1126400K
  class space    used 11266K, capacity 12196K, committed 12236K, reserved 1048576K
}
Event: 13.274 GC heap before
{Heap before GC invocations=39 (full 0):
 garbage-first heap   total 191488K, used 141158K [0x0000000080000000, 0x0000000100000000)
  region size 1024K, 57 young (58368K), 4 survivors (4096K)
 Metaspace       used 87141K, capacity 89234K, committed 90352K, reserved 1128448K
  class space    used 11268K, capacity 12082K, committed 12492K, reserved 1048576K
}
Event: 13.280 GC heap after
{Heap after GC invocations=40 (full 0):
 garbage-first heap   total 191488K, used 91764K [0x0000000080000000, 0x0000000100000000)
  region size 1024K, 7 young (7168K), 7 survivors (7168K)
 Metaspace       used 87141K, capacity 89234K, committed 90352K, reserved 1128448K
  class space    used 11268K, capacity 12082K, committed 12492K, reserved 1048576K
}
Event: 14.140 GC heap before
{Heap before GC invocations=40 (full 0):
 garbage-first heap   total 191488K, used 147060K [0x0000000080000000, 0x0000000100000000)
  region size 1024K, 61 young (62464K), 7 survivors (7168K)
 Metaspace       used 90948K, capacity 93064K, committed 93936K, reserved 1130496K
  class space    used 11762K, capacity 12608K, committed 13004K, reserved 1048576K
}
Event: 14.151 GC heap after
{Heap after GC invocations=41 (full 0):
 garbage-first heap   total 191488K, used 93520K [0x0000000080000000, 0x0000000100000000)
  region size 1024K, 3 young (3072K), 3 survivors (3072K)
 Metaspace       used 90948K, capacity 93064K, committed 93936K, reserved 1130496K
  class space    used 11762K, capacity 12608K, committed 13004K, reserved 1048576K
}
Event: 15.220 GC heap before
{Heap before GC invocations=41 (full 0):
 garbage-first heap   total 191488K, used 147792K [0x0000000080000000, 0x0000000100000000)
  region size 1024K, 57 young (58368K), 3 survivors (3072K)
 Metaspace       used 91593K, capacity 93773K, committed 94704K, reserved 1130496K
  class space    used 11826K, capacity 12661K, committed 13004K, reserved 1048576K
}
Event: 15.303 GC heap after
{Heap after GC invocations=42 (full 0):
 garbage-first heap   total 191488K, used 98025K [0x0000000080000000, 0x0000000100000000)
  region size 1024K, 7 young (7168K), 7 survivors (7168K)
 Metaspace       used 91593K, capacity 93773K, committed 94704K, reserved 1130496K
  class space    used 11826K, capacity 12661K, committed 13004K, reserved 1048576K
}
Event: 22.389 GC heap before
{Heap before GC invocations=43 (full 0):
 garbage-first heap   total 191488K, used 151273K [0x0000000080000000, 0x0000000100000000)
  region size 1024K, 60 young (61440K), 7 survivors (7168K)
 Metaspace       used 92975K, capacity 95185K, committed 95856K, reserved 1132544K
  class space    used 11975K, capacity 12797K, committed 13132K, reserved 1048576K
}
Event: 22.442 GC heap after
{Heap after GC invocations=44 (full 0):
 garbage-first heap   total 300032K, used 104388K [0x0000000080000000, 0x0000000100000000)
  region size 1024K, 8 young (8192K), 8 survivors (8192K)
 Metaspace       used 92975K, capacity 95185K, committed 95856K, reserved 1132544K
  class space    used 11975K, capacity 12797K, committed 13132K, reserved 1048576K
}
Event: 25.139 GC heap before
{Heap before GC invocations=44 (full 0):
 garbage-first heap   total 300032K, used 197572K [0x0000000080000000, 0x0000000100000000)
  region size 1024K, 100 young (102400K), 8 survivors (8192K)
 Metaspace       used 96898K, capacity 99109K, committed 99568K, reserved 1136640K
  class space    used 12447K, capacity 13305K, committed 13516K, reserved 1048576K
}
Event: 25.149 GC heap after
{Heap after GC invocations=45 (full 0):
 garbage-first heap   total 300032K, used 109758K [0x0000000080000000, 0x0000000100000000)
  region size 1024K, 8 young (8192K), 8 survivors (8192K)
 Metaspace       used 96898K, capacity 99109K, committed 99568K, reserved 1136640K
  class space    used 12447K, capacity 13305K, committed 13516K, reserved 1048576K
}

Deoptimization events (20 events):
Event: 48.836 Thread 0x00000239fc5df800 DEOPT PACKING pc=0x00000239e9e35678 sp=0x000000ab8b5f8c20
Event: 48.836 Thread 0x00000239fc5df800 DEOPT UNPACKING pc=0x00000239e1e0662f sp=0x000000ab8b5f8bc0 mode 2
Event: 48.983 Thread 0x00000239fc5df800 Uncommon trap: trap_request=0xffffffc6 fr.pc=0x00000239e9d8b9a8 relative=0x00000000000007a8
Event: 48.983 Thread 0x00000239fc5df800 Uncommon trap: reason=bimorphic_or_optimized_type_check action=maybe_recompile pc=0x00000239e9d8b9a8 method=java.util.Collections.indexedBinarySearch(Ljava/util/List;Ljava/lang/Object;Ljava/util/Comparator;)I @ 3 c2
Event: 48.983 Thread 0x00000239fc5df800 DEOPT PACKING pc=0x00000239e9d8b9a8 sp=0x000000ab8b5f8fa0
Event: 48.983 Thread 0x00000239fc5df800 DEOPT UNPACKING pc=0x00000239e1e0662f sp=0x000000ab8b5f8f40 mode 2
Event: 49.000 Thread 0x00000239fc5df800 DEOPT PACKING pc=0x00000239e3688ad5 sp=0x000000ab8b5f87f0
Event: 49.000 Thread 0x00000239fc5df800 DEOPT UNPACKING pc=0x00000239e1e06dde sp=0x000000ab8b5f7d10 mode 0
Event: 49.014 Thread 0x00000239fc5df800 Uncommon trap: trap_request=0xffffffc6 fr.pc=0x00000239e9d8b9a8 relative=0x00000000000007a8
Event: 49.014 Thread 0x00000239fc5df800 Uncommon trap: reason=bimorphic_or_optimized_type_check action=maybe_recompile pc=0x00000239e9d8b9a8 method=java.util.Collections.indexedBinarySearch(Ljava/util/List;Ljava/lang/Object;Ljava/util/Comparator;)I @ 3 c2
Event: 49.014 Thread 0x00000239fc5df800 DEOPT PACKING pc=0x00000239e9d8b9a8 sp=0x000000ab8b5f8fa0
Event: 49.014 Thread 0x00000239fc5df800 DEOPT UNPACKING pc=0x00000239e1e0662f sp=0x000000ab8b5f8f40 mode 2
Event: 49.016 Thread 0x00000239fc5df800 Uncommon trap: trap_request=0xffffffc6 fr.pc=0x00000239e9d8b9a8 relative=0x00000000000007a8
Event: 49.016 Thread 0x00000239fc5df800 Uncommon trap: reason=bimorphic_or_optimized_type_check action=maybe_recompile pc=0x00000239e9d8b9a8 method=java.util.Collections.indexedBinarySearch(Ljava/util/List;Ljava/lang/Object;Ljava/util/Comparator;)I @ 3 c2
Event: 49.016 Thread 0x00000239fc5df800 DEOPT PACKING pc=0x00000239e9d8b9a8 sp=0x000000ab8b5f8fa0
Event: 49.016 Thread 0x00000239fc5df800 DEOPT UNPACKING pc=0x00000239e1e0662f sp=0x000000ab8b5f8f40 mode 2
Event: 49.018 Thread 0x00000239fc5df800 Uncommon trap: trap_request=0xffffffc6 fr.pc=0x00000239e9d8b9a8 relative=0x00000000000007a8
Event: 49.018 Thread 0x00000239fc5df800 Uncommon trap: reason=bimorphic_or_optimized_type_check action=maybe_recompile pc=0x00000239e9d8b9a8 method=java.util.Collections.indexedBinarySearch(Ljava/util/List;Ljava/lang/Object;Ljava/util/Comparator;)I @ 3 c2
Event: 49.018 Thread 0x00000239fc5df800 DEOPT PACKING pc=0x00000239e9d8b9a8 sp=0x000000ab8b5f8fa0
Event: 49.018 Thread 0x00000239fc5df800 DEOPT UNPACKING pc=0x00000239e1e0662f sp=0x000000ab8b5f8f40 mode 2

Classes redefined (0 events):
No events

Internal exceptions (20 events):
Event: 26.790 Thread 0x00000239fe368000 Exception <a 'java/lang/NoSuchMethodError'{0x0000000091bad9d0}: 'java.lang.Object java.lang.invoke.DirectMethodHandle$Holder.invokeStatic(java.lang.Object, java.lang.Object, java.lang.Object, java.lang.Object, java.lang.Object, java.lang.Object, java.lang.Object, java.lang.Object, java.lang.Object, java.lang.Object, java.lang.Object, java.lang.Object, java.lang.Object, int)'> (0x0000000091bad9d0) thrown at [./src/hotspot/share/interpreter/linkResolver.cpp, line 773]
Event: 26.791 Thread 0x00000239fe368000 Exception <a 'java/lang/NoSuchMethodError'{0x0000000091bba938}: 'java.lang.Object java.lang.invoke.DirectMethodHandle$Holder.invokeStatic(java.lang.Object, java.lang.Object, java.lang.Object, java.lang.Object, java.lang.Object, java.lang.Object, java.lang.Object, java.lang.Object, java.lang.Object, java.lang.Object, java.lang.Object, java.lang.Object, java.lang.Object, int, int)'> (0x0000000091bba938) thrown at [./src/hotspot/share/interpreter/linkResolver.cpp, line 773]
Event: 29.431 Thread 0x00000239fe368000 Exception <a 'sun/net/ConnectionResetException'{0x0000000091be6948}: > (0x0000000091be6948) thrown at [./src/hotspot/share/prims/jni.cpp, line 636]
Event: 29.431 Thread 0x00000239802f4000 Exception <a 'sun/net/ConnectionResetException'{0x0000000091b654f8}: > (0x0000000091b654f8) thrown at [./src/hotspot/share/prims/jni.cpp, line 636]
Event: 31.470 Thread 0x00000239802f4000 Exception <a 'java/net/ConnectException'{0x0000000091a4cb30}: Connection refused: connect> (0x0000000091a4cb30) thrown at [./src/hotspot/share/prims/jni.cpp, line 636]
Event: 33.516 Thread 0x00000239802f4000 Exception <a 'java/net/ConnectException'{0x0000000091a4dec0}: Connection refused: connect> (0x0000000091a4dec0) thrown at [./src/hotspot/share/prims/jni.cpp, line 636]
Event: 35.553 Thread 0x00000239802f4000 Exception <a 'java/net/ConnectException'{0x0000000091a4f140}: Connection refused: connect> (0x0000000091a4f140) thrown at [./src/hotspot/share/prims/jni.cpp, line 636]
Event: 38.824 Thread 0x00000239802f4000 Exception <a 'java/lang/reflect/InvocationTargetException'{0x00000000919d4b70}> (0x00000000919d4b70) thrown at [./src/hotspot/share/runtime/reflection.cpp, line 1247]
Event: 38.836 Thread 0x00000239fc378800 Exception <a 'java/lang/NoSuchMethodError'{0x00000000917a8a38}: <clinit>> (0x00000000917a8a38) thrown at [./src/hotspot/share/prims/jni.cpp, line 1362]
Event: 38.838 Thread 0x00000239fc378800 Exception <a 'java/lang/NoSuchMethodError'{0x00000000917c8840}: <clinit>> (0x00000000917c8840) thrown at [./src/hotspot/share/prims/jni.cpp, line 1362]
Event: 38.890 Thread 0x00000239fc5df800 Exception <a 'sun/nio/fs/WindowsException'{0x00000000916c8800}> (0x00000000916c8800) thrown at [./src/hotspot/share/prims/jni.cpp, line 615]
Event: 38.890 Thread 0x00000239fc5df800 Exception <a 'sun/nio/fs/WindowsException'{0x00000000916c8978}> (0x00000000916c8978) thrown at [./src/hotspot/share/prims/jni.cpp, line 615]
Event: 38.891 Thread 0x00000239fc5df800 Exception <a 'sun/nio/fs/WindowsException'{0x00000000916d7738}> (0x00000000916d7738) thrown at [./src/hotspot/share/prims/jni.cpp, line 615]
Event: 39.000 Thread 0x00000239fc5df800 Exception <a 'java/lang/NoSuchMethodError'{0x00000000913cd7a8}: 'int java.lang.invoke.DirectMethodHandle$Holder.invokeVirtual(java.lang.Object, java.lang.Object, java.lang.Object)'> (0x00000000913cd7a8) thrown at [./src/hotspot/share/interpreter/linkResolver.cpp, line 773]
Event: 39.181 Thread 0x00000239fbfd5000 Exception <a 'java/lang/NoSuchMethodError'{0x0000000090ca0398}: <clinit>> (0x0000000090ca0398) thrown at [./src/hotspot/share/prims/jni.cpp, line 1362]
Event: 39.182 Thread 0x00000239fbfd5000 Exception <a 'java/lang/NoSuchMethodError'{0x0000000090cb1178}: <clinit>> (0x0000000090cb1178) thrown at [./src/hotspot/share/prims/jni.cpp, line 1362]
Event: 39.182 Thread 0x00000239fbfd5000 Exception <a 'java/lang/NoSuchMethodError'{0x0000000090cb2860}: <clinit>> (0x0000000090cb2860) thrown at [./src/hotspot/share/prims/jni.cpp, line 1362]
Event: 39.183 Thread 0x00000239fbfd5000 Exception <a 'java/lang/NoSuchMethodError'{0x0000000090cc49b8}: <clinit>> (0x0000000090cc49b8) thrown at [./src/hotspot/share/prims/jni.cpp, line 1362]
Event: 39.183 Thread 0x00000239fbfd5000 Exception <a 'java/lang/NoSuchMethodError'{0x0000000090cd0b28}: <clinit>> (0x0000000090cd0b28) thrown at [./src/hotspot/share/prims/jni.cpp, line 1362]
Event: 41.684 Thread 0x00000239fb789800 Implicit null exception at 0x00000239e98ea8f7 to 0x00000239e98eae6c

Events (20 events):
Event: 41.156 Thread 0x0000023984ef3000 Thread exited: 0x0000023984ef3000
Event: 41.650 Executing VM operation: RevokeBias
Event: 41.650 Executing VM operation: RevokeBias done
Event: 41.698 Executing VM operation: RevokeBias
Event: 41.698 Executing VM operation: RevokeBias done
Event: 48.764 Thread 0x00000239fdecd000 Thread added: 0x00000239fdecd000
Event: 48.768 Thread 0x00000239fdec9800 Thread added: 0x00000239fdec9800
Event: 48.775 Thread 0x00000239fdeca800 Thread added: 0x00000239fdeca800
Event: 48.776 Thread 0x00000239fdecb000 Thread added: 0x00000239fdecb000
Event: 48.777 Thread 0x00000239fdec7000 Thread added: 0x00000239fdec7000
Event: 48.792 Thread 0x00000239fdecc000 Thread added: 0x00000239fdecc000
Event: 48.799 loading class org/gradle/internal/watch/vfs/impl/WatchingVirtualFileSystem
Event: 48.799 loading class org/gradle/internal/watch/vfs/impl/WatchingVirtualFileSystem done
Event: 48.816 Thread 0x00000239fdec8000 Thread added: 0x00000239fdec8000
Event: 48.825 Thread 0x00000239fdecd800 Thread added: 0x00000239fdecd800
Event: 48.832 Thread 0x00000239fdec9000 Thread added: 0x00000239fdec9000
Event: 48.858 Thread 0x00000239fded2000 Thread added: 0x00000239fded2000
Event: 48.903 Thread 0x00000239fdece800 Thread added: 0x00000239fdece800
Event: 49.014 Executing VM operation: ICBufferFull
Event: 49.014 Executing VM operation: ICBufferFull done


Dynamic libraries:
0x00007ff76cae0000 - 0x00007ff76caea000 	C:\Program Files\Android\Android Studio\jre\bin\java.exe
0x00007ff8e6a50000 - 0x00007ff8e6c45000 	C:\Windows\SYSTEM32\ntdll.dll
0x00007ff8e58d0000 - 0x00007ff8e598d000 	C:\Windows\System32\KERNEL32.DLL
0x00007ff8e4220000 - 0x00007ff8e44ed000 	C:\Windows\System32\KERNELBASE.dll
0x00007ff8e46c0000 - 0x00007ff8e47c0000 	C:\Windows\System32\ucrtbase.dll
0x00007ff8b0560000 - 0x00007ff8b0579000 	C:\Program Files\Android\Android Studio\jre\bin\jli.dll
0x00007ff8ad410000 - 0x00007ff8ad427000 	C:\Program Files\Android\Android Studio\jre\bin\VCRUNTIME140.dll
0x00007ff8e59a0000 - 0x00007ff8e5b40000 	C:\Windows\System32\USER32.dll
0x00007ff8e41f0000 - 0x00007ff8e4212000 	C:\Windows\System32\win32u.dll
0x00007ff8e5d20000 - 0x00007ff8e5d4a000 	C:\Windows\System32\GDI32.dll
0x00007ff8c3590000 - 0x00007ff8c382a000 	C:\Windows\WinSxS\amd64_microsoft.windows.common-controls_6595b64144ccf1df_6.0.19041.1110_none_60b5254171f9507e\COMCTL32.dll
0x00007ff8e4940000 - 0x00007ff8e4a4b000 	C:\Windows\System32\gdi32full.dll
0x00007ff8e4b90000 - 0x00007ff8e4c2e000 	C:\Windows\System32\msvcrt.dll
0x00007ff8e47c0000 - 0x00007ff8e485d000 	C:\Windows\System32\msvcp_win.dll
0x00007ff8e5430000 - 0x00007ff8e5460000 	C:\Windows\System32\IMM32.DLL
0x00007ff872ef0000 - 0x00007ff872f8d000 	C:\Program Files\Android\Android Studio\jre\bin\msvcp140.dll
0x00007ff8617a0000 - 0x00007ff862275000 	C:\Program Files\Android\Android Studio\jre\bin\server\jvm.dll
0x00007ff8e5b40000 - 0x00007ff8e5bee000 	C:\Windows\System32\ADVAPI32.dll
0x00007ff8e57a0000 - 0x00007ff8e583c000 	C:\Windows\System32\sechost.dll
0x00007ff8e60b0000 - 0x00007ff8e61d5000 	C:\Windows\System32\RPCRT4.dll
0x00007ff8e5790000 - 0x00007ff8e5798000 	C:\Windows\System32\PSAPI.DLL
0x00007ff8a98f0000 - 0x00007ff8a98f9000 	C:\Windows\SYSTEM32\WSOCK32.dll
0x00007ff8d9130000 - 0x00007ff8d9157000 	C:\Windows\SYSTEM32\WINMM.dll
0x00007ff8db140000 - 0x00007ff8db14a000 	C:\Windows\SYSTEM32\VERSION.dll
0x00007ff8e5540000 - 0x00007ff8e55ab000 	C:\Windows\System32\WS2_32.dll
0x00007ff8e29f0000 - 0x00007ff8e2a02000 	C:\Windows\SYSTEM32\kernel.appcore.dll
0x00007ff8b69a0000 - 0x00007ff8b69b1000 	C:\Program Files\Android\Android Studio\jre\bin\verify.dll
0x00007ff8e1e10000 - 0x00007ff8e1ff4000 	C:\Windows\SYSTEM32\DBGHELP.DLL
0x00007ff8d1540000 - 0x00007ff8d156c000 	C:\Windows\SYSTEM32\dbgcore.DLL
0x00007ff8e4160000 - 0x00007ff8e41e2000 	C:\Windows\System32\bcryptPrimitives.dll
0x00007ff8affb0000 - 0x00007ff8affd9000 	C:\Program Files\Android\Android Studio\jre\bin\java.dll
0x00007ff8c0480000 - 0x00007ff8c048b000 	C:\Program Files\Android\Android Studio\jre\bin\jimage.dll
0x00007ff8afee0000 - 0x00007ff8afef8000 	C:\Program Files\Android\Android Studio\jre\bin\zip.dll
0x00007ff8e4c30000 - 0x00007ff8e5374000 	C:\Windows\System32\SHELL32.dll
0x00007ff8e2000000 - 0x00007ff8e2794000 	C:\Windows\SYSTEM32\windows.storage.dll
0x00007ff8e5d50000 - 0x00007ff8e60a4000 	C:\Windows\System32\combase.dll
0x00007ff8e3af0000 - 0x00007ff8e3b1c000 	C:\Windows\SYSTEM32\Wldp.dll
0x00007ff8e5380000 - 0x00007ff8e542d000 	C:\Windows\System32\SHCORE.dll
0x00007ff8e6810000 - 0x00007ff8e6865000 	C:\Windows\System32\shlwapi.dll
0x00007ff8e40a0000 - 0x00007ff8e40bf000 	C:\Windows\SYSTEM32\profapi.dll
0x00007ff8afdf0000 - 0x00007ff8afe0a000 	C:\Program Files\Android\Android Studio\jre\bin\net.dll
0x00007ff8d37a0000 - 0x00007ff8d38aa000 	C:\Windows\SYSTEM32\WINHTTP.dll
0x00007ff8e3850000 - 0x00007ff8e38ba000 	C:\Windows\system32\mswsock.dll
0x00007ff8afc30000 - 0x00007ff8afc44000 	C:\Program Files\Android\Android Studio\jre\bin\nio.dll
0x00007ff8ac870000 - 0x00007ff8ac897000 	C:\Users\H_ISA\.gradle\native\e1d6ef7f7dcc3fd88c89a11ec53ec762bb8ba0a96d01ffa2cd45eb1d1d8dd5c5\windows-amd64\native-platform.dll
0x00007ff860170000 - 0x00007ff8602b4000 	C:\Users\H_ISA\.gradle\native\5664cfc778a61ccfe75a443a1ab52a65af34e5dc3c78e0209fed803814484fcb\windows-amd64\native-platform-file-events.dll
0x00007ff8c0460000 - 0x00007ff8c046a000 	C:\Program Files\Android\Android Studio\jre\bin\management.dll
0x00007ff8bf810000 - 0x00007ff8bf81d000 	C:\Program Files\Android\Android Studio\jre\bin\management_ext.dll
0x00007ff8e3a40000 - 0x00007ff8e3a58000 	C:\Windows\SYSTEM32\CRYPTSP.dll
0x00007ff8e31d0000 - 0x00007ff8e3204000 	C:\Windows\system32\rsaenh.dll
0x00007ff8e4860000 - 0x00007ff8e4887000 	C:\Windows\System32\bcrypt.dll
0x00007ff8e4020000 - 0x00007ff8e404e000 	C:\Windows\SYSTEM32\USERENV.dll
0x00007ff8e3a60000 - 0x00007ff8e3a6c000 	C:\Windows\SYSTEM32\CRYPTBASE.dll
0x00007ff8e3540000 - 0x00007ff8e357b000 	C:\Windows\SYSTEM32\IPHLPAPI.DLL
0x00007ff8e5990000 - 0x00007ff8e5998000 	C:\Windows\System32\NSI.dll
0x00007ff8db190000 - 0x00007ff8db1a7000 	C:\Windows\SYSTEM32\dhcpcsvc6.DLL
0x00007ff8db380000 - 0x00007ff8db39d000 	C:\Windows\SYSTEM32\dhcpcsvc.DLL
0x00007ff8e3580000 - 0x00007ff8e364b000 	C:\Windows\SYSTEM32\DNSAPI.dll
0x00007ff8e08c0000 - 0x00007ff8e08de000 	C:\Users\H_ISA\AppData\Local\Temp\native-platform16914453877792270428dir\native-platform.dll
0x00007ff8e08b0000 - 0x00007ff8e08b8000 	C:\Program Files\Android\Android Studio\jre\bin\rmi.dll

dbghelp: loaded successfully - version: 4.0.5 - missing functions: none
symbol engine: initialized successfully - sym options: 0x614 - pdb path: .;C:\Program Files\Android\Android Studio\jre\bin;C:\Windows\SYSTEM32;C:\Windows\WinSxS\amd64_microsoft.windows.common-controls_6595b64144ccf1df_6.0.19041.1110_none_60b5254171f9507e;C:\Program Files\Android\Android Studio\jre\bin\server;C:\Users\H_ISA\.gradle\native\e1d6ef7f7dcc3fd88c89a11ec53ec762bb8ba0a96d01ffa2cd45eb1d1d8dd5c5\windows-amd64;C:\Users\H_ISA\.gradle\native\5664cfc778a61ccfe75a443a1ab52a65af34e5dc3c78e0209fed803814484fcb\windows-amd64;C:\Users\H_ISA\AppData\Local\Temp\native-platform16914453877792270428dir

VM Arguments:
jvm_args: --add-opens=java.base/java.util=ALL-UNNAMED --add-opens=java.base/java.lang=ALL-UNNAMED --add-opens=java.base/java.lang.invoke=ALL-UNNAMED --add-opens=java.base/java.util=ALL-UNNAMED --add-opens=java.prefs/java.util.prefs=ALL-UNNAMED --add-opens=java.prefs/java.util.prefs=ALL-UNNAMED --add-opens=java.base/java.nio.charset=ALL-UNNAMED --add-opens=java.base/java.net=ALL-UNNAMED --add-opens=java.base/java.util.concurrent.atomic=ALL-UNNAMED -Xmx2048m -Dfile.encoding=UTF-8 -Duser.country=MX -Duser.language=es -Duser.variant 
java_command: org.gradle.launcher.daemon.bootstrap.GradleDaemon 7.2
java_class_path (initial): C:\Users\H_ISA\.gradle\wrapper\dists\gradle-7.2-bin\2dnblmf4td7x66yl1d74lt32g\gradle-7.2\lib\gradle-launcher-7.2.jar
Launcher Type: SUN_STANDARD

[Global flags]
     intx CICompilerCount                          = 4                                         {product} {ergonomic}
     uint ConcGCThreads                            = 3                                         {product} {ergonomic}
     uint G1ConcRefinementThreads                  = 10                                        {product} {ergonomic}
   size_t G1HeapRegionSize                         = 1048576                                   {product} {ergonomic}
    uintx GCDrainStackTargetSize                   = 64                                        {product} {ergonomic}
   size_t InitialHeapSize                          = 98566144                                  {product} {ergonomic}
   size_t MarkStackSize                            = 4194304                                   {product} {ergonomic}
   size_t MaxHeapSize                              = 2147483648                                {product} {command line}
   size_t MaxNewSize                               = 1287651328                                {product} {ergonomic}
   size_t MinHeapDeltaBytes                        = 1048576                                   {product} {ergonomic}
    uintx NonNMethodCodeHeapSize                   = 5836300                                {pd product} {ergonomic}
    uintx NonProfiledCodeHeapSize                  = 122910970                              {pd product} {ergonomic}
    uintx ProfiledCodeHeapSize                     = 122910970                              {pd product} {ergonomic}
    uintx ReservedCodeCacheSize                    = 251658240                              {pd product} {ergonomic}
     bool SegmentedCodeCache                       = true                                      {product} {ergonomic}
     bool UseCompressedClassPointers               = true                                 {lp64_product} {ergonomic}
     bool UseCompressedOops                        = true                                 {lp64_product} {ergonomic}
     bool UseG1GC                                  = true                                      {product} {ergonomic}
     bool UseLargePagesIndividualAllocation        = false                                  {pd product} {ergonomic}

Logging:
Log output configuration:
 #0: stdout all=warning uptime,level,tags
 #1: stderr all=off uptime,level,tags

Environment Variables:
PATH=C:\Windows\system32;C:\Windows;C:\Windows\System32\Wbem;C:\Windows\System32\WindowsPowerShell\v1.0\;C:\Windows\System32\OpenSSH\;C:\Program Files\Git\cmd;C:\Users\H_ISA\AppData\Local\Microsoft\WindowsApps;;C:\Users\H_ISA\AppData\Local\Programs\Microsoft VS Code\bin
USERNAME=H_ISA
OS=Windows_NT
PROCESSOR_IDENTIFIER=AMD64 Family 23 Model 104 Stepping 1, AuthenticAMD



---------------  S Y S T E M  ---------------

OS: Windows 10 , 64 bit Build 19041 (10.0.19041.1706)
OS uptime: 0 days 8:46 hours

CPU:total 12 (initial active 12) (12 cores per cpu, 2 threads per core) family 23 model 104 stepping 1 microcode 0x0, cmov, cx8, fxsr, mmx, sse, sse2, sse3, ssse3, sse4.1, sse4.2, popcnt, avx, avx2, aes, clmul, mmxext, 3dnowpref, lzcnt, sse4a, ht, tsc, tscinvbit, tscinv, bmi1, bmi2, adx,

Memory: 4k page, system-wide physical 6005M (187M free)
TotalPageFile size 24437M (AvailPageFile size 4M)
current process WorkingSet (physical memory assigned to process): 370M, peak: 370M
current process commit charge ("private bytes"): 601M, peak: 618M

vm_info: OpenJDK 64-Bit Server VM (11.0.11+9-b60-7590822) for windows-amd64 JRE (11.0.11+9-b60-7590822), built on Jul 29 2021 21:43:44 by "builder" with MS VC++ 14.0 (VS2015)

END.
