#
# There is insufficient memory for the Java Runtime Environment to continue.
# Native memory allocation (malloc) failed to allocate 2249616 bytes for Chunk::new
# Possible reasons:
#   The system is out of physical RAM or swap space
#   The process is running with CompressedOops enabled, and the Java Heap may be blocking the growth of the native heap
# Possible solutions:
#   Reduce memory load on the system
#   Increase physical memory or swap space
#   Check if swap backing store is full
#   Decrease Java heap size (-Xmx/-Xms)
#   Decrease number of Java threads
#   Decrease Java thread stack sizes (-Xss)
#   Set larger code cache with -XX:ReservedCodeCacheSize=
#   JVM is running with Unscaled Compressed Oops mode in which the Java heap is
#     placed in the first 4GB address space. The Java Heap base address is the
#     maximum limit for the native heap growth. Please use -XX:HeapBaseMinAddress
#     to set the Java Heap base and to place the Java Heap above 4GB virtual address.
# This output file may be truncated or incomplete.
#
#  Out of Memory Error (./src/hotspot/share/memory/arena.cpp:197), pid=18016, tid=9112
#
# JRE version: OpenJDK Runtime Environment (11.0.11+9) (build 11.0.11+9-b60-7590822)
# Java VM: OpenJDK 64-Bit Server VM (11.0.11+9-b60-7590822, mixed mode, tiered, compressed oops, g1 gc, windows-amd64)
# No core dump will be written. Minidumps are not enabled by default on client versions of Windows
#

---------------  S U M M A R Y ------------

Command Line: org.jetbrains.kotlin.cli.jvm.K2JVMCompiler @C:\Users\H_ISA\AndroidStudioProjects\firebase_reto\app\build\20220513_17136224074030026206.compiler.options

Host: AMD Ryzen 5 5500U with Radeon Graphics         , 12 cores, 5G,  Windows 10 , 64 bit Build 19041 (10.0.19041.1706)
Time: Fri May 13 22:42:04 2022 Hora de verano central (México) elapsed time: 3.020424 seconds (0d 0h 0m 3s)

---------------  T H R E A D  ---------------

Current thread (0x00000205db7af000):  JavaThread "C2 CompilerThread0" daemon [_thread_in_native, id=9112, stack(0x000000e8e4400000,0x000000e8e4500000)]


Current CompileTask:
C2:   3020 2888       4       java.lang.ClassLoader::loadClass (7 bytes)

Stack: [0x000000e8e4400000,0x000000e8e4500000]
Native frames: (J=compiled Java code, j=interpreted, Vv=VM code, C=native code)
V  [jvm.dll+0x5f214a]
V  [jvm.dll+0x726fb5]
V  [jvm.dll+0x7285cd]
V  [jvm.dll+0x728c83]
V  [jvm.dll+0x243278]
V  [jvm.dll+0xbc53c]
V  [jvm.dll+0xbca3c]
V  [jvm.dll+0x353e7d]
V  [jvm.dll+0x19895c]
V  [jvm.dll+0x1fc2ee]
V  [jvm.dll+0x1fb3d4]
V  [jvm.dll+0x183d6c]
V  [jvm.dll+0x209a57]
V  [jvm.dll+0x2082a1]
V  [jvm.dll+0x6ef58f]
V  [jvm.dll+0x6e80b5]
V  [jvm.dll+0x5f1036]
C  [ucrtbase.dll+0x21bb2]
C  [KERNEL32.DLL+0x17034]
C  [ntdll.dll+0x52651]


---------------  P R O C E S S  ---------------

Threads class SMR info:
_java_thread_list=0x00000205dc27c600, length=10, elements={
0x00000205c1bbb800, 0x00000205db788000, 0x00000205db789800, 0x00000205db7a9000,
0x00000205db7a9800, 0x00000205db7aa800, 0x00000205db7af000, 0x00000205db7b8800,
0x00000205db7bc800, 0x00000205dc28c000
}

Java Threads: ( => current thread )
  0x00000205c1bbb800 JavaThread "main" [_thread_in_Java, id=1288, stack(0x000000e8e3800000,0x000000e8e3900000)]
  0x00000205db788000 JavaThread "Reference Handler" daemon [_thread_blocked, id=4756, stack(0x000000e8e3f00000,0x000000e8e4000000)]
  0x00000205db789800 JavaThread "Finalizer" daemon [_thread_blocked, id=22972, stack(0x000000e8e4000000,0x000000e8e4100000)]
  0x00000205db7a9000 JavaThread "Signal Dispatcher" daemon [_thread_blocked, id=11520, stack(0x000000e8e4100000,0x000000e8e4200000)]
  0x00000205db7a9800 JavaThread "Attach Listener" daemon [_thread_blocked, id=8924, stack(0x000000e8e4200000,0x000000e8e4300000)]
  0x00000205db7aa800 JavaThread "Service Thread" daemon [_thread_blocked, id=13552, stack(0x000000e8e4300000,0x000000e8e4400000)]
=>0x00000205db7af000 JavaThread "C2 CompilerThread0" daemon [_thread_in_native, id=9112, stack(0x000000e8e4400000,0x000000e8e4500000)]
  0x00000205db7b8800 JavaThread "C1 CompilerThread0" daemon [_thread_in_vm, id=20456, stack(0x000000e8e4500000,0x000000e8e4600000)]
  0x00000205db7bc800 JavaThread "Sweeper thread" daemon [_thread_blocked, id=20996, stack(0x000000e8e4600000,0x000000e8e4700000)]
  0x00000205dc28c000 JavaThread "Common-Cleaner" daemon [_thread_blocked, id=21664, stack(0x000000e8e4800000,0x000000e8e4900000)]

Other Threads:
  0x00000205db760000 VMThread "VM Thread" [stack: 0x000000e8e3e00000,0x000000e8e3f00000] [id=3560]
  0x00000205dc280800 WatcherThread [stack: 0x000000e8e4700000,0x000000e8e4800000] [id=13388]
  0x00000205c1bd3000 GCTaskThread "GC Thread#0" [stack: 0x000000e8e3900000,0x000000e8e3a00000] [id=21108]
  0x00000205dc886800 GCTaskThread "GC Thread#1" [stack: 0x000000e8e4900000,0x000000e8e4a00000] [id=12640]
  0x00000205c1bfa800 ConcurrentGCThread "G1 Main Marker" [stack: 0x000000e8e3a00000,0x000000e8e3b00000] [id=8500]
  0x00000205c1bfb800 ConcurrentGCThread "G1 Conc#0" [stack: 0x000000e8e3b00000,0x000000e8e3c00000] [id=21240]
  0x00000205dd71b000 ConcurrentGCThread "G1 Conc#1" [stack: 0x000000e8e4a00000,0x000000e8e4b00000] [id=19544]
  0x00000205dcbde800 ConcurrentGCThread "G1 Conc#2" [stack: 0x000000e8e4b00000,0x000000e8e4c00000] [id=9516]
  0x00000205c1c8b800 ConcurrentGCThread "G1 Refine#0" [stack: 0x000000e8e3c00000,0x000000e8e3d00000] [id=21736]
  0x00000205c1c8c800 ConcurrentGCThread "G1 Young RemSet Sampling" [stack: 0x000000e8e3d00000,0x000000e8e3e00000] [id=17180]

Threads with active compile tasks:
C2 CompilerThread0   3031 2888       4       java.lang.ClassLoader::loadClass (7 bytes)
C1 CompilerThread0   3031 3198       2       org.jetbrains.kotlin.incremental.UtilsKt::recordPackageLookup (98 bytes)

VM state:not at safepoint (normal execution)

VM Mutex/Monitor currently owned by a thread: None

Heap address: 0x00000000a2200000, size: 1502 MB, Compressed Oops mode: 32-bit
Narrow klass base: 0x0000000000000000, Narrow klass shift: 3
Compressed class space size: 1073741824 Address: 0x0000000100000000

Heap:
 garbage-first heap   total 120832K, used 45835K [0x00000000a2200000, 0x0000000100000000)
  region size 1024K, 23 young (23552K), 5 survivors (5120K)
 Metaspace       used 45861K, capacity 46324K, committed 46592K, reserved 1089536K
  class space    used 5436K, capacity 5608K, committed 5632K, reserved 1048576K
Heap Regions: E=young(eden), S=young(survivor), O=old, HS=humongous(starts), HC=humongous(continues), CS=collection set, F=free, A=archive, TAMS=top-at-mark-start (previous, next)
|   0|0x00000000a2200000, 0x00000000a2300000, 0x00000000a2300000|100%|HS|  |TAMS 0x00000000a2300000, 0x00000000a2200000| Complete 
|   1|0x00000000a2300000, 0x00000000a2400000, 0x00000000a2400000|100%|HC|  |TAMS 0x00000000a2400000, 0x00000000a2300000| Complete 
|   2|0x00000000a2400000, 0x00000000a2500000, 0x00000000a2500000|100%|HC|  |TAMS 0x00000000a2500000, 0x00000000a2400000| Complete 
|   3|0x00000000a2500000, 0x00000000a2600000, 0x00000000a2600000|100%|HS|  |TAMS 0x00000000a2600000, 0x00000000a2500000| Complete 
|   4|0x00000000a2600000, 0x00000000a2700000, 0x00000000a2700000|100%|HC|  |TAMS 0x00000000a2700000, 0x00000000a2600000| Complete 
|   5|0x00000000a2700000, 0x00000000a2800000, 0x00000000a2800000|100%|HC|  |TAMS 0x00000000a2800000, 0x00000000a2700000| Complete 
|   6|0x00000000a2800000, 0x00000000a2900000, 0x00000000a2900000|100%|HS|  |TAMS 0x00000000a2900000, 0x00000000a2800000| Complete 
|   7|0x00000000a2900000, 0x00000000a2a00000, 0x00000000a2a00000|100%|HC|  |TAMS 0x00000000a2a00000, 0x00000000a2900000| Complete 
|   8|0x00000000a2a00000, 0x00000000a2b00000, 0x00000000a2b00000|100%|HC|  |TAMS 0x00000000a2b00000, 0x00000000a2a00000| Complete 
|   9|0x00000000a2b00000, 0x00000000a2b00000, 0x00000000a2c00000|  0%| F|  |TAMS 0x00000000a2b00000, 0x00000000a2b00000| Untracked 
|  10|0x00000000a2c00000, 0x00000000a2c00000, 0x00000000a2d00000|  0%| F|  |TAMS 0x00000000a2c00000, 0x00000000a2c00000| Untracked 
|  11|0x00000000a2d00000, 0x00000000a2e00000, 0x00000000a2e00000|100%| O|  |TAMS 0x00000000a2e00000, 0x00000000a2d00000| Untracked 
|  12|0x00000000a2e00000, 0x00000000a2f00000, 0x00000000a2f00000|100%| O|  |TAMS 0x00000000a2f00000, 0x00000000a2e00000| Untracked 
|  13|0x00000000a2f00000, 0x00000000a3000000, 0x00000000a3000000|100%| O|  |TAMS 0x00000000a3000000, 0x00000000a2f00000| Untracked 
|  14|0x00000000a3000000, 0x00000000a3100000, 0x00000000a3100000|100%| O|  |TAMS 0x00000000a3100000, 0x00000000a3000000| Untracked 
|  15|0x00000000a3100000, 0x00000000a3200000, 0x00000000a3200000|100%| O|  |TAMS 0x00000000a3200000, 0x00000000a3100000| Untracked 
|  16|0x00000000a3200000, 0x00000000a3300000, 0x00000000a3300000|100%| O|  |TAMS 0x00000000a3300000, 0x00000000a3200000| Untracked 
|  17|0x00000000a3300000, 0x00000000a3400000, 0x00000000a3400000|100%| O|  |TAMS 0x00000000a3400000, 0x00000000a3300000| Untracked 
|  18|0x00000000a3400000, 0x00000000a3400000, 0x00000000a3500000|  0%| F|  |TAMS 0x00000000a3400000, 0x00000000a3400000| Untracked 
|  19|0x00000000a3500000, 0x00000000a3500000, 0x00000000a3600000|  0%| F|  |TAMS 0x00000000a3500000, 0x00000000a3500000| Untracked 
|  20|0x00000000a3600000, 0x00000000a3700000, 0x00000000a3700000|100%|HS|  |TAMS 0x00000000a3700000, 0x00000000a3600000| Complete 
|  21|0x00000000a3700000, 0x00000000a3800000, 0x00000000a3800000|100%|HC|  |TAMS 0x00000000a3800000, 0x00000000a3700000| Complete 
|  22|0x00000000a3800000, 0x00000000a3900000, 0x00000000a3900000|100%| O|  |TAMS 0x00000000a3900000, 0x00000000a3800000| Untracked 
|  23|0x00000000a3900000, 0x00000000a3a00000, 0x00000000a3a00000|100%| O|  |TAMS 0x00000000a3a00000, 0x00000000a3900000| Untracked 
|  24|0x00000000a3a00000, 0x00000000a3b00000, 0x00000000a3b00000|100%| O|  |TAMS 0x00000000a3b00000, 0x00000000a3a00000| Untracked 
|  25|0x00000000a3b00000, 0x00000000a3c00000, 0x00000000a3c00000|100%| O|  |TAMS 0x00000000a3c00000, 0x00000000a3b00000| Untracked 
|  26|0x00000000a3c00000, 0x00000000a3cc2c00, 0x00000000a3d00000| 76%| O|  |TAMS 0x00000000a3cc2c00, 0x00000000a3c00000| Untracked 
|  27|0x00000000a3d00000, 0x00000000a3d00000, 0x00000000a3e00000|  0%| F|  |TAMS 0x00000000a3d00000, 0x00000000a3d00000| Untracked 
|  28|0x00000000a3e00000, 0x00000000a3e00000, 0x00000000a3f00000|  0%| F|  |TAMS 0x00000000a3e00000, 0x00000000a3e00000| Untracked 
|  29|0x00000000a3f00000, 0x00000000a3f00000, 0x00000000a4000000|  0%| F|  |TAMS 0x00000000a3f00000, 0x00000000a3f00000| Untracked 
|  30|0x00000000a4000000, 0x00000000a4000000, 0x00000000a4100000|  0%| F|  |TAMS 0x00000000a4000000, 0x00000000a4000000| Untracked 
|  31|0x00000000a4100000, 0x00000000a4100000, 0x00000000a4200000|  0%| F|  |TAMS 0x00000000a4100000, 0x00000000a4100000| Untracked 
|  32|0x00000000a4200000, 0x00000000a4200000, 0x00000000a4300000|  0%| F|  |TAMS 0x00000000a4200000, 0x00000000a4200000| Untracked 
|  33|0x00000000a4300000, 0x00000000a4300000, 0x00000000a4400000|  0%| F|  |TAMS 0x00000000a4300000, 0x00000000a4300000| Untracked 
|  34|0x00000000a4400000, 0x00000000a4400000, 0x00000000a4500000|  0%| F|  |TAMS 0x00000000a4400000, 0x00000000a4400000| Untracked 
|  35|0x00000000a4500000, 0x00000000a4500000, 0x00000000a4600000|  0%| F|  |TAMS 0x00000000a4500000, 0x00000000a4500000| Untracked 
|  36|0x00000000a4600000, 0x00000000a4600000, 0x00000000a4700000|  0%| F|  |TAMS 0x00000000a4600000, 0x00000000a4600000| Untracked 
|  37|0x00000000a4700000, 0x00000000a4700000, 0x00000000a4800000|  0%| F|  |TAMS 0x00000000a4700000, 0x00000000a4700000| Untracked 
|  38|0x00000000a4800000, 0x00000000a4800000, 0x00000000a4900000|  0%| F|  |TAMS 0x00000000a4800000, 0x00000000a4800000| Untracked 
|  39|0x00000000a4900000, 0x00000000a4900000, 0x00000000a4a00000|  0%| F|  |TAMS 0x00000000a4900000, 0x00000000a4900000| Untracked 
|  40|0x00000000a4a00000, 0x00000000a4a00000, 0x00000000a4b00000|  0%| F|  |TAMS 0x00000000a4a00000, 0x00000000a4a00000| Untracked 
|  41|0x00000000a4b00000, 0x00000000a4b00000, 0x00000000a4c00000|  0%| F|  |TAMS 0x00000000a4b00000, 0x00000000a4b00000| Untracked 
|  42|0x00000000a4c00000, 0x00000000a4c00000, 0x00000000a4d00000|  0%| F|  |TAMS 0x00000000a4c00000, 0x00000000a4c00000| Untracked 
|  43|0x00000000a4d00000, 0x00000000a4d00000, 0x00000000a4e00000|  0%| F|  |TAMS 0x00000000a4d00000, 0x00000000a4d00000| Untracked 
|  44|0x00000000a4e00000, 0x00000000a4e00000, 0x00000000a4f00000|  0%| F|  |TAMS 0x00000000a4e00000, 0x00000000a4e00000| Untracked 
|  45|0x00000000a4f00000, 0x00000000a4f00000, 0x00000000a5000000|  0%| F|  |TAMS 0x00000000a4f00000, 0x00000000a4f00000| Untracked 
|  46|0x00000000a5000000, 0x00000000a5000000, 0x00000000a5100000|  0%| F|  |TAMS 0x00000000a5000000, 0x00000000a5000000| Untracked 
|  47|0x00000000a5100000, 0x00000000a5100000, 0x00000000a5200000|  0%| F|  |TAMS 0x00000000a5100000, 0x00000000a5100000| Untracked 
|  48|0x00000000a5200000, 0x00000000a5200000, 0x00000000a5300000|  0%| F|  |TAMS 0x00000000a5200000, 0x00000000a5200000| Untracked 
|  49|0x00000000a5300000, 0x00000000a5300000, 0x00000000a5400000|  0%| F|  |TAMS 0x00000000a5300000, 0x00000000a5300000| Untracked 
|  50|0x00000000a5400000, 0x00000000a5400000, 0x00000000a5500000|  0%| F|  |TAMS 0x00000000a5400000, 0x00000000a5400000| Untracked 
|  51|0x00000000a5500000, 0x00000000a5600000, 0x00000000a5600000|100%| S|CS|TAMS 0x00000000a5500000, 0x00000000a5500000| Complete 
|  52|0x00000000a5600000, 0x00000000a5700000, 0x00000000a5700000|100%| S|CS|TAMS 0x00000000a5600000, 0x00000000a5600000| Complete 
|  53|0x00000000a5700000, 0x00000000a5800000, 0x00000000a5800000|100%| S|CS|TAMS 0x00000000a5700000, 0x00000000a5700000| Complete 
|  54|0x00000000a5800000, 0x00000000a5900000, 0x00000000a5900000|100%| S|CS|TAMS 0x00000000a5800000, 0x00000000a5800000| Complete 
|  55|0x00000000a5900000, 0x00000000a5a00000, 0x00000000a5a00000|100%| S|CS|TAMS 0x00000000a5900000, 0x00000000a5900000| Complete 
|  56|0x00000000a5a00000, 0x00000000a5a00000, 0x00000000a5b00000|  0%| F|  |TAMS 0x00000000a5a00000, 0x00000000a5a00000| Untracked 
|  57|0x00000000a5b00000, 0x00000000a5b00000, 0x00000000a5c00000|  0%| F|  |TAMS 0x00000000a5b00000, 0x00000000a5b00000| Untracked 
|  58|0x00000000a5c00000, 0x00000000a5c00000, 0x00000000a5d00000|  0%| F|  |TAMS 0x00000000a5c00000, 0x00000000a5c00000| Untracked 
|  59|0x00000000a5d00000, 0x00000000a5d00000, 0x00000000a5e00000|  0%| F|  |TAMS 0x00000000a5d00000, 0x00000000a5d00000| Untracked 
|  60|0x00000000a5e00000, 0x00000000a5e00000, 0x00000000a5f00000|  0%| F|  |TAMS 0x00000000a5e00000, 0x00000000a5e00000| Untracked 
|  61|0x00000000a5f00000, 0x00000000a5f00000, 0x00000000a6000000|  0%| F|  |TAMS 0x00000000a5f00000, 0x00000000a5f00000| Untracked 
|  62|0x00000000a6000000, 0x00000000a6000000, 0x00000000a6100000|  0%| F|  |TAMS 0x00000000a6000000, 0x00000000a6000000| Untracked 
|  63|0x00000000a6100000, 0x00000000a6100000, 0x00000000a6200000|  0%| F|  |TAMS 0x00000000a6100000, 0x00000000a6100000| Untracked 
|  64|0x00000000a6200000, 0x00000000a6200000, 0x00000000a6300000|  0%| F|  |TAMS 0x00000000a6200000, 0x00000000a6200000| Untracked 
|  65|0x00000000a6300000, 0x00000000a6300000, 0x00000000a6400000|  0%| F|  |TAMS 0x00000000a6300000, 0x00000000a6300000| Untracked 
|  66|0x00000000a6400000, 0x00000000a6400000, 0x00000000a6500000|  0%| F|  |TAMS 0x00000000a6400000, 0x00000000a6400000| Untracked 
|  67|0x00000000a6500000, 0x00000000a6500000, 0x00000000a6600000|  0%| F|  |TAMS 0x00000000a6500000, 0x00000000a6500000| Untracked 
|  68|0x00000000a6600000, 0x00000000a6600000, 0x00000000a6700000|  0%| F|  |TAMS 0x00000000a6600000, 0x00000000a6600000| Untracked 
|  69|0x00000000a6700000, 0x00000000a6700000, 0x00000000a6800000|  0%| F|  |TAMS 0x00000000a6700000, 0x00000000a6700000| Untracked 
|  70|0x00000000a6800000, 0x00000000a6800000, 0x00000000a6900000|  0%| F|  |TAMS 0x00000000a6800000, 0x00000000a6800000| Untracked 
|  71|0x00000000a6900000, 0x00000000a6900000, 0x00000000a6a00000|  0%| F|  |TAMS 0x00000000a6900000, 0x00000000a6900000| Untracked 
|  72|0x00000000a6a00000, 0x00000000a6a00000, 0x00000000a6b00000|  0%| F|  |TAMS 0x00000000a6a00000, 0x00000000a6a00000| Untracked 
|  73|0x00000000a6b00000, 0x00000000a6b00000, 0x00000000a6c00000|  0%| F|  |TAMS 0x00000000a6b00000, 0x00000000a6b00000| Untracked 
|  74|0x00000000a6c00000, 0x00000000a6c00000, 0x00000000a6d00000|  0%| F|  |TAMS 0x00000000a6c00000, 0x00000000a6c00000| Untracked 
|  75|0x00000000a6d00000, 0x00000000a6d00000, 0x00000000a6e00000|  0%| F|  |TAMS 0x00000000a6d00000, 0x00000000a6d00000| Untracked 
|  76|0x00000000a6e00000, 0x00000000a6e00000, 0x00000000a6f00000|  0%| F|  |TAMS 0x00000000a6e00000, 0x00000000a6e00000| Untracked 
|  77|0x00000000a6f00000, 0x00000000a6f00000, 0x00000000a7000000|  0%| F|  |TAMS 0x00000000a6f00000, 0x00000000a6f00000| Untracked 
|  78|0x00000000a7000000, 0x00000000a7000000, 0x00000000a7100000|  0%| F|  |TAMS 0x00000000a7000000, 0x00000000a7000000| Untracked 
|  79|0x00000000a7100000, 0x00000000a7100000, 0x00000000a7200000|  0%| F|  |TAMS 0x00000000a7100000, 0x00000000a7100000| Untracked 
|  80|0x00000000a7200000, 0x00000000a7200000, 0x00000000a7300000|  0%| F|  |TAMS 0x00000000a7200000, 0x00000000a7200000| Untracked 
|  81|0x00000000a7300000, 0x00000000a7300000, 0x00000000a7400000|  0%| F|  |TAMS 0x00000000a7300000, 0x00000000a7300000| Untracked 
|  82|0x00000000a7400000, 0x00000000a7400000, 0x00000000a7500000|  0%| F|  |TAMS 0x00000000a7400000, 0x00000000a7400000| Untracked 
|  83|0x00000000a7500000, 0x00000000a7500000, 0x00000000a7600000|  0%| F|  |TAMS 0x00000000a7500000, 0x00000000a7500000| Untracked 
|  84|0x00000000a7600000, 0x00000000a7600000, 0x00000000a7700000|  0%| F|  |TAMS 0x00000000a7600000, 0x00000000a7600000| Untracked 
|  85|0x00000000a7700000, 0x00000000a7700000, 0x00000000a7800000|  0%| F|  |TAMS 0x00000000a7700000, 0x00000000a7700000| Untracked 
|  86|0x00000000a7800000, 0x00000000a7800000, 0x00000000a7900000|  0%| F|  |TAMS 0x00000000a7800000, 0x00000000a7800000| Untracked 
|  87|0x00000000a7900000, 0x00000000a7900000, 0x00000000a7a00000|  0%| F|  |TAMS 0x00000000a7900000, 0x00000000a7900000| Untracked 
|  88|0x00000000a7a00000, 0x00000000a7a00000, 0x00000000a7b00000|  0%| F|  |TAMS 0x00000000a7a00000, 0x00000000a7a00000| Untracked 
|  89|0x00000000a7b00000, 0x00000000a7b00000, 0x00000000a7c00000|  0%| F|  |TAMS 0x00000000a7b00000, 0x00000000a7b00000| Untracked 
|  90|0x00000000a7c00000, 0x00000000a7c00000, 0x00000000a7d00000|  0%| F|  |TAMS 0x00000000a7c00000, 0x00000000a7c00000| Untracked 
|  91|0x00000000a7d00000, 0x00000000a7d00000, 0x00000000a7e00000|  0%| F|  |TAMS 0x00000000a7d00000, 0x00000000a7d00000| Untracked 
|  92|0x00000000a7e00000, 0x00000000a7e00000, 0x00000000a7f00000|  0%| F|  |TAMS 0x00000000a7e00000, 0x00000000a7e00000| Untracked 
|  93|0x00000000a7f00000, 0x00000000a7f00000, 0x00000000a8000000|  0%| F|  |TAMS 0x00000000a7f00000, 0x00000000a7f00000| Untracked 
|  94|0x00000000a8000000, 0x00000000a8000000, 0x00000000a8100000|  0%| F|  |TAMS 0x00000000a8000000, 0x00000000a8000000| Untracked 
|  95|0x00000000a8100000, 0x00000000a8100000, 0x00000000a8200000|  0%| F|  |TAMS 0x00000000a8100000, 0x00000000a8100000| Untracked 
|  96|0x00000000a8200000, 0x00000000a8200000, 0x00000000a8300000|  0%| F|  |TAMS 0x00000000a8200000, 0x00000000a8200000| Untracked 
|  97|0x00000000a8300000, 0x00000000a8300000, 0x00000000a8400000|  0%| F|  |TAMS 0x00000000a8300000, 0x00000000a8300000| Untracked 
|  98|0x00000000a8400000, 0x00000000a8400000, 0x00000000a8500000|  0%| F|  |TAMS 0x00000000a8400000, 0x00000000a8400000| Untracked 
|  99|0x00000000a8500000, 0x00000000a8580800, 0x00000000a8600000| 50%| E|  |TAMS 0x00000000a8500000, 0x00000000a8500000| Complete 
| 100|0x00000000a8600000, 0x00000000a8700000, 0x00000000a8700000|100%| E|CS|TAMS 0x00000000a8600000, 0x00000000a8600000| Complete 
| 101|0x00000000a8700000, 0x00000000a8800000, 0x00000000a8800000|100%| E|CS|TAMS 0x00000000a8700000, 0x00000000a8700000| Complete 
| 102|0x00000000a8800000, 0x00000000a8900000, 0x00000000a8900000|100%| E|CS|TAMS 0x00000000a8800000, 0x00000000a8800000| Complete 
| 103|0x00000000a8900000, 0x00000000a8a00000, 0x00000000a8a00000|100%| E|CS|TAMS 0x00000000a8900000, 0x00000000a8900000| Complete 
| 104|0x00000000a8a00000, 0x00000000a8b00000, 0x00000000a8b00000|100%| E|CS|TAMS 0x00000000a8a00000, 0x00000000a8a00000| Complete 
| 105|0x00000000a8b00000, 0x00000000a8c00000, 0x00000000a8c00000|100%| E|CS|TAMS 0x00000000a8b00000, 0x00000000a8b00000| Complete 
| 106|0x00000000a8c00000, 0x00000000a8d00000, 0x00000000a8d00000|100%| E|CS|TAMS 0x00000000a8c00000, 0x00000000a8c00000| Complete 
| 107|0x00000000a8d00000, 0x00000000a8e00000, 0x00000000a8e00000|100%| E|CS|TAMS 0x00000000a8d00000, 0x00000000a8d00000| Complete 
| 108|0x00000000a8e00000, 0x00000000a8f00000, 0x00000000a8f00000|100%| E|CS|TAMS 0x00000000a8e00000, 0x00000000a8e00000| Complete 
| 109|0x00000000a8f00000, 0x00000000a9000000, 0x00000000a9000000|100%| E|CS|TAMS 0x00000000a8f00000, 0x00000000a8f00000| Complete 
| 110|0x00000000a9000000, 0x00000000a9100000, 0x00000000a9100000|100%| E|CS|TAMS 0x00000000a9000000, 0x00000000a9000000| Complete 
| 111|0x00000000a9100000, 0x00000000a9200000, 0x00000000a9200000|100%| E|CS|TAMS 0x00000000a9100000, 0x00000000a9100000| Complete 
| 112|0x00000000a9200000, 0x00000000a9300000, 0x00000000a9300000|100%| E|CS|TAMS 0x00000000a9200000, 0x00000000a9200000| Complete 
| 113|0x00000000a9300000, 0x00000000a9400000, 0x00000000a9400000|100%| E|CS|TAMS 0x00000000a9300000, 0x00000000a9300000| Complete 
| 114|0x00000000a9400000, 0x00000000a9500000, 0x00000000a9500000|100%| E|CS|TAMS 0x00000000a9400000, 0x00000000a9400000| Complete 
| 115|0x00000000a9500000, 0x00000000a9600000, 0x00000000a9600000|100%| E|CS|TAMS 0x00000000a9500000, 0x00000000a9500000| Complete 
| 116|0x00000000a9600000, 0x00000000a9700000, 0x00000000a9700000|100%| E|CS|TAMS 0x00000000a9600000, 0x00000000a9600000| Complete 
| 117|0x00000000a9700000, 0x00000000a9800000, 0x00000000a9800000|100%| E|CS|TAMS 0x00000000a9700000, 0x00000000a9700000| Complete 

Card table byte_map: [0x00000205d5650000,0x00000205d5940000] _byte_map_base: 0x00000205d513f000

Marking Bits (Prev, Next): (CMBitMap*) 0x00000205c1bf39b8, (CMBitMap*) 0x00000205c1bf39f0
 Prev Bits: [0x00000205d5c30000, 0x00000205d73a8000)
 Next Bits: [0x00000205d73b0000, 0x00000205d8b28000)

Polling page: 0x00000205c0050000

Metaspace:

Usage:
  Non-class:     39.76 MB capacity,    39.48 MB (>99%) used,   223.52 KB ( <1%) free+waste,    64.88 KB ( <1%) overhead. 
      Class:      5.48 MB capacity,     5.31 MB ( 97%) used,   143.63 KB (  3%) free+waste,    27.44 KB ( <1%) overhead. 
       Both:     45.24 MB capacity,    44.79 MB (>99%) used,   367.14 KB ( <1%) free+waste,    92.31 KB ( <1%) overhead. 

Virtual space:
  Non-class space:       40.00 MB reserved,      40.00 MB (100%) committed 
      Class space:        1.00 GB reserved,       5.50 MB ( <1%) committed 
             Both:        1.04 GB reserved,      45.50 MB (  4%) committed 

Chunk freelists:
   Non-Class:  52.00 KB
       Class:  24.00 KB
        Both:  76.00 KB

MaxMetaspaceSize: 17179869184.00 GB
CompressedClassSpaceSize: 1.00 GB

CodeHeap 'non-profiled nmethods': size=120000Kb used=1094Kb max_used=1094Kb free=118905Kb
 bounds [0x00000205cd190000, 0x00000205cd400000, 0x00000205d46c0000]
CodeHeap 'profiled nmethods': size=120000Kb used=6624Kb max_used=6624Kb free=113375Kb
 bounds [0x00000205c5c60000, 0x00000205c62e0000, 0x00000205cd190000]
CodeHeap 'non-nmethods': size=5760Kb used=1187Kb max_used=1214Kb free=4572Kb
 bounds [0x00000205c56c0000, 0x00000205c5930000, 0x00000205c5c60000]
 total_blobs=3712 nmethods=3175 adapters=447
 compilation: enabled
              stopped_count=0, restarted_count=0
 full_count=0

Compilation events (20 events):
Event: 3.016 Thread 0x00000205db7b8800 nmethod 3159 0x00000205c62b7b90 code [0x00000205c62b7e60, 0x00000205c62b88b8]
Event: 3.016 Thread 0x00000205db7b8800 3140       2       org.jetbrains.kotlin.load.java.structure.impl.classFiles.BinaryJavaClass::visitField (146 bytes)
Event: 3.017 Thread 0x00000205db7b8800 nmethod 3140 0x00000205c62b8e10 code [0x00000205c62b90e0, 0x00000205c62b99e8]
Event: 3.017 Thread 0x00000205db7b8800 3142       2       org.jetbrains.kotlin.load.java.structure.impl.classFiles.ClassifierResolutionContext::copyForMember$resolution_common_jvm (20 bytes)
Event: 3.017 Thread 0x00000205db7b8800 nmethod 3142 0x00000205c62ba010 code [0x00000205c62ba1c0, 0x00000205c62ba438]
Event: 3.017 Thread 0x00000205db7b8800 3156       2       org.jetbrains.kotlin.load.java.structure.impl.classFiles.BinaryJavaMethod::<init> (51 bytes)
Event: 3.017 Thread 0x00000205db7b8800 nmethod 3156 0x00000205c62ba510 code [0x00000205c62ba820, 0x00000205c62bb1c8]
Event: 3.017 Thread 0x00000205db7b8800 3141       2       org.jetbrains.kotlin.load.java.structure.impl.classFiles.ClassifierResolutionContext::<init> (20 bytes)
Event: 3.018 Thread 0x00000205db7b8800 nmethod 3141 0x00000205c62bb810 code [0x00000205c62bb9c0, 0x00000205c62bbbd8]
Event: 3.018 Thread 0x00000205db7b8800 3149       2       org.jetbrains.org.objectweb.asm.Type::getReturnType (13 bytes)
Event: 3.018 Thread 0x00000205db7b8800 nmethod 3149 0x00000205c62bbc90 code [0x00000205c62bbe60, 0x00000205c62bbf98]
Event: 3.018 Thread 0x00000205db7b8800 3147       1       org.jetbrains.kotlin.load.java.structure.impl.classFiles.BinaryJavaMethodBase::getValueParameters (5 bytes)
Event: 3.018 Thread 0x00000205db7b8800 nmethod 3147 0x00000205cd2a0390 code [0x00000205cd2a0540, 0x00000205cd2a05f8]
Event: 3.018 Thread 0x00000205db7b8800 3148       1       org.jetbrains.kotlin.load.java.structure.impl.classFiles.BinaryJavaValueParameter::getAnnotations (5 bytes)
Event: 3.018 Thread 0x00000205db7b8800 nmethod 3148 0x00000205cd2a0690 code [0x00000205cd2a0840, 0x00000205cd2a08f8]
Event: 3.018 Thread 0x00000205db7b8800 3157       1       org.jetbrains.kotlin.load.java.structure.impl.classFiles.BinaryJavaMethodBase::getAnnotations (5 bytes)
Event: 3.018 Thread 0x00000205db7b8800 nmethod 3157 0x00000205cd2a0990 code [0x00000205cd2a0b40, 0x00000205cd2a0bf8]
Event: 3.018 Thread 0x00000205db7b8800 3160       1       org.jetbrains.kotlin.cli.jvm.index.JvmDependenciesIndexImpl$FindClassRequest::getAcceptedRootTypes (5 bytes)
Event: 3.018 Thread 0x00000205db7b8800 nmethod 3160 0x00000205cd2a0c90 code [0x00000205cd2a0e40, 0x00000205cd2a0ef8]
Event: 3.018 Thread 0x00000205db7b8800 3161       2       org.jetbrains.kotlin.load.java.structure.impl.classFiles.BinaryJavaAnnotationVisitor::<init> (36 bytes)

GC Heap History (10 events):
Event: 0.426 GC heap before
{Heap before GC invocations=0 (full 0):
 garbage-first heap   total 96256K, used 27648K [0x00000000a2200000, 0x0000000100000000)
  region size 1024K, 24 young (24576K), 0 survivors (0K)
 Metaspace       used 12328K, capacity 12405K, committed 12544K, reserved 1060864K
  class space    used 1158K, capacity 1174K, committed 1280K, reserved 1048576K
}
Event: 0.429 GC heap after
{Heap after GC invocations=1 (full 0):
 garbage-first heap   total 96256K, used 5736K [0x00000000a2200000, 0x0000000100000000)
  region size 1024K, 3 young (3072K), 3 survivors (3072K)
 Metaspace       used 12328K, capacity 12405K, committed 12544K, reserved 1060864K
  class space    used 1158K, capacity 1174K, committed 1280K, reserved 1048576K
}
Event: 1.026 GC heap before
{Heap before GC invocations=1 (full 0):
 garbage-first heap   total 96256K, used 42600K [0x00000000a2200000, 0x0000000100000000)
  region size 1024K, 40 young (40960K), 3 survivors (3072K)
 Metaspace       used 20986K, capacity 21148K, committed 21248K, reserved 1069056K
  class space    used 2215K, capacity 2278K, committed 2304K, reserved 1048576K
}
Event: 1.038 GC heap after
{Heap after GC invocations=2 (full 0):
 garbage-first heap   total 96256K, used 9873K [0x00000000a2200000, 0x0000000100000000)
  region size 1024K, 7 young (7168K), 7 survivors (7168K)
 Metaspace       used 20986K, capacity 21148K, committed 21248K, reserved 1069056K
  class space    used 2215K, capacity 2278K, committed 2304K, reserved 1048576K
}
Event: 1.746 GC heap before
{Heap before GC invocations=3 (full 0):
 garbage-first heap   total 96256K, used 61073K [0x00000000a2200000, 0x0000000100000000)
  region size 1024K, 49 young (50176K), 7 survivors (7168K)
 Metaspace       used 29991K, capacity 30438K, committed 30720K, reserved 1077248K
  class space    used 3547K, capacity 3728K, committed 3840K, reserved 1048576K
}
Event: 1.765 GC heap after
{Heap after GC invocations=4 (full 0):
 garbage-first heap   total 96256K, used 23681K [0x00000000a2200000, 0x0000000100000000)
  region size 1024K, 6 young (6144K), 6 survivors (6144K)
 Metaspace       used 29991K, capacity 30438K, committed 30720K, reserved 1077248K
  class space    used 3547K, capacity 3728K, committed 3840K, reserved 1048576K
}
Event: 2.160 GC heap before
{Heap before GC invocations=4 (full 0):
 garbage-first heap   total 96256K, used 49281K [0x00000000a2200000, 0x0000000100000000)
  region size 1024K, 28 young (28672K), 6 survivors (6144K)
 Metaspace       used 35005K, capacity 35452K, committed 35584K, reserved 1081344K
  class space    used 4318K, capacity 4503K, committed 4608K, reserved 1048576K
}
Event: 2.171 GC heap after
{Heap after GC invocations=5 (full 0):
 garbage-first heap   total 96256K, used 25355K [0x00000000a2200000, 0x0000000100000000)
  region size 1024K, 2 young (2048K), 2 survivors (2048K)
 Metaspace       used 35005K, capacity 35452K, committed 35584K, reserved 1081344K
  class space    used 4318K, capacity 4503K, committed 4608K, reserved 1048576K
}
Event: 2.650 GC heap before
{Heap before GC invocations=6 (full 0):
 garbage-first heap   total 96256K, used 62219K [0x00000000a2200000, 0x0000000100000000)
  region size 1024K, 38 young (38912K), 2 survivors (2048K)
 Metaspace       used 42531K, capacity 43005K, committed 43136K, reserved 1087488K
  class space    used 5047K, capacity 5226K, committed 5248K, reserved 1048576K
}
Event: 2.657 GC heap after
{Heap after GC invocations=7 (full 0):
 garbage-first heap   total 120832K, used 28427K [0x00000000a2200000, 0x0000000100000000)
  region size 1024K, 5 young (5120K), 5 survivors (5120K)
 Metaspace       used 42531K, capacity 43005K, committed 43136K, reserved 1087488K
  class space    used 5047K, capacity 5226K, committed 5248K, reserved 1048576K
}

Deoptimization events (20 events):
Event: 2.912 Thread 0x00000205c1bbb800 DEOPT PACKING pc=0x00000205cd263c9c sp=0x000000e8e38f87a0
Event: 2.912 Thread 0x00000205c1bbb800 DEOPT UNPACKING pc=0x00000205c56e662f sp=0x000000e8e38f8688 mode 2
Event: 2.912 Thread 0x00000205c1bbb800 Uncommon trap: trap_request=0xffffffc6 fr.pc=0x00000205cd263c9c relative=0x000000000000059c
Event: 2.912 Thread 0x00000205c1bbb800 Uncommon trap: reason=bimorphic_or_optimized_type_check action=maybe_recompile pc=0x00000205cd263c9c method=org.jetbrains.kotlin.protobuf.CodedInputStream.tryRefillBuffer(I)Z @ 177 c2
Event: 2.912 Thread 0x00000205c1bbb800 DEOPT PACKING pc=0x00000205cd263c9c sp=0x000000e8e38f84d0
Event: 2.912 Thread 0x00000205c1bbb800 DEOPT UNPACKING pc=0x00000205c56e662f sp=0x000000e8e38f83b8 mode 2
Event: 2.915 Thread 0x00000205c1bbb800 Uncommon trap: trap_request=0xffffffc6 fr.pc=0x00000205cd263c9c relative=0x000000000000059c
Event: 2.915 Thread 0x00000205c1bbb800 Uncommon trap: reason=bimorphic_or_optimized_type_check action=maybe_recompile pc=0x00000205cd263c9c method=org.jetbrains.kotlin.protobuf.CodedInputStream.tryRefillBuffer(I)Z @ 177 c2
Event: 2.915 Thread 0x00000205c1bbb800 DEOPT PACKING pc=0x00000205cd263c9c sp=0x000000e8e38f87a0
Event: 2.915 Thread 0x00000205c1bbb800 DEOPT UNPACKING pc=0x00000205c56e662f sp=0x000000e8e38f8688 mode 2
Event: 2.932 Thread 0x00000205c1bbb800 DEOPT PACKING pc=0x00000205c618687f sp=0x000000e8e38f8910
Event: 2.932 Thread 0x00000205c1bbb800 DEOPT UNPACKING pc=0x00000205c56e6dde sp=0x000000e8e38f7d60 mode 0
Event: 2.938 Thread 0x00000205c1bbb800 Uncommon trap: trap_request=0xffffffc6 fr.pc=0x00000205cd263c9c relative=0x000000000000059c
Event: 2.938 Thread 0x00000205c1bbb800 Uncommon trap: reason=bimorphic_or_optimized_type_check action=maybe_recompile pc=0x00000205cd263c9c method=org.jetbrains.kotlin.protobuf.CodedInputStream.tryRefillBuffer(I)Z @ 177 c2
Event: 2.938 Thread 0x00000205c1bbb800 DEOPT PACKING pc=0x00000205cd263c9c sp=0x000000e8e38f8c80
Event: 2.938 Thread 0x00000205c1bbb800 DEOPT UNPACKING pc=0x00000205c56e662f sp=0x000000e8e38f8b68 mode 2
Event: 2.940 Thread 0x00000205c1bbb800 Uncommon trap: trap_request=0xffffffc6 fr.pc=0x00000205cd266300 relative=0x00000000000002a0
Event: 2.940 Thread 0x00000205c1bbb800 Uncommon trap: reason=bimorphic_or_optimized_type_check action=maybe_recompile pc=0x00000205cd266300 method=org.jetbrains.kotlin.protobuf.CodedInputStream.tryRefillBuffer(I)Z @ 177 c2
Event: 2.940 Thread 0x00000205c1bbb800 DEOPT PACKING pc=0x00000205cd266300 sp=0x000000e8e38f8c30
Event: 2.940 Thread 0x00000205c1bbb800 DEOPT UNPACKING pc=0x00000205c56e662f sp=0x000000e8e38f8b68 mode 2

Classes redefined (0 events):
No events

Internal exceptions (20 events):
Event: 0.986 Thread 0x00000205c1bbb800 Exception <a 'java/lang/NoSuchMethodError'{0x00000000a5b33f28}: 'long java.lang.invoke.DirectMethodHandle$Holder.invokeStaticInit(java.lang.Object)'> (0x00000000a5b33f28) thrown at [./src/hotspot/share/interpreter/linkResolver.cpp, line 773]
Event: 1.048 Thread 0x00000205c1bbb800 Exception <a 'java/lang/NoSuchMethodError'{0x00000000a7f53a48}: 'int java.lang.invoke.DirectMethodHandle$Holder.invokeStaticInit(java.lang.Object, java.lang.Object, java.lang.Object)'> (0x00000000a7f53a48) thrown at [./src/hotspot/share/interpreter/linkResolver.cpp, line 773]
Event: 1.052 Thread 0x00000205c1bbb800 Exception <a 'java/lang/NoSuchMethodError'{0x00000000a7f7f440}: 'int java.lang.invoke.DirectMethodHandle$Holder.invokeStaticInit(java.lang.Object, java.lang.Object)'> (0x00000000a7f7f440) thrown at [./src/hotspot/share/interpreter/linkResolver.cpp, line 773]
Event: 1.239 Thread 0x00000205c1bbb800 Exception <a 'java/lang/NoSuchMethodError'{0x00000000a7533d30}: 'java.lang.Object java.lang.invoke.DirectMethodHandle$Holder.invokeStatic(java.lang.Object, java.lang.Object, java.lang.Object, java.lang.Object, java.lang.Object, java.lang.Object, java.lang.Object, java.lang.Object, java.lang.Object, java.lang.Object, java.lang.Object, java.lang.Object, java.lang.Object, java.lang.Object, java.lang.Object)'> (0x00000000a7533d30) thrown at [./src/hotspot/share/interpreter/linkResolver.cpp, line 773]
Event: 1.240 Thread 0x00000205c1bbb800 Exception <a 'java/lang/NoSuchMethodError'{0x00000000a7541d38}: 'java.lang.Object java.lang.invoke.DirectMethodHandle$Holder.invokeStatic(java.lang.Object, java.lang.Object, java.lang.Object, java.lang.Object, java.lang.Object, java.lang.Object, java.lang.Object, java.lang.Object, java.lang.Object, java.lang.Object, java.lang.Object, java.lang.Object, java.lang.Object, java.lang.Object, java.lang.Object, java.lang.Object)'> (0x00000000a7541d38) thrown at [./src/hotspot/share/interpreter/linkResolver.cpp, l
Event: 1.241 Thread 0x00000205c1bbb800 Exception <a 'java/lang/NoSuchMethodError'{0x00000000a754fc50}: 'java.lang.Object java.lang.invoke.DirectMethodHandle$Holder.invokeSpecial(java.lang.Object, java.lang.Object, int, int, java.lang.Object, java.lang.Object, java.lang.Object)'> (0x00000000a754fc50) thrown at [./src/hotspot/share/interpreter/linkResolver.cpp, line 773]
Event: 1.241 Thread 0x00000205c1bbb800 Exception <a 'java/lang/NoSuchMethodError'{0x00000000a7553488}: 'java.lang.Object java.lang.invoke.DelegatingMethodHandle$Holder.reinvoke_L(java.lang.Object, int, int, java.lang.Object, java.lang.Object, java.lang.Object)'> (0x00000000a7553488) thrown at [./src/hotspot/share/interpreter/linkResolver.cpp, line 773]
Event: 1.242 Thread 0x00000205c1bbb800 Exception <a 'java/lang/NoSuchMethodError'{0x00000000a7557810}: 'java.lang.Object java.lang.invoke.DirectMethodHandle$Holder.invokeStatic(java.lang.Object, java.lang.Object, java.lang.Object, java.lang.Object, int)'> (0x00000000a7557810) thrown at [./src/hotspot/share/interpreter/linkResolver.cpp, line 773]
Event: 1.280 Thread 0x00000205c1bbb800 Implicit null exception at 0x00000205cd216aac to 0x00000205cd216c5a
Event: 1.306 Thread 0x00000205c1bbb800 Exception <a 'java/lang/NoSuchMethodError'{0x00000000a70d5968}: 'void java.lang.invoke.DirectMethodHandle$Holder.invokeStatic(java.lang.Object, java.lang.Object, java.lang.Object, java.lang.Object)'> (0x00000000a70d5968) thrown at [./src/hotspot/share/interpreter/linkResolver.cpp, line 773]
Event: 1.325 Thread 0x00000205c1bbb800 Exception <a 'java/lang/NoSuchMethodError'{0x00000000a6e256e8}: 'void java.lang.invoke.DirectMethodHandle$Holder.invokeSpecial(java.lang.Object, java.lang.Object)'> (0x00000000a6e256e8) thrown at [./src/hotspot/share/interpreter/linkResolver.cpp, line 773]
Event: 1.363 Thread 0x00000205c1bbb800 Exception <a 'java/lang/NoSuchMethodError'{0x00000000a6cca6c0}: 'void java.lang.invoke.DirectMethodHandle$Holder.invokeStaticInit(java.lang.Object, java.lang.Object)'> (0x00000000a6cca6c0) thrown at [./src/hotspot/share/interpreter/linkResolver.cpp, line 773]
Event: 1.371 Thread 0x00000205c1bbb800 Exception <a 'java/lang/NoSuchMethodError'{0x00000000a6b08f60}: 'void java.lang.invoke.DirectMethodHandle$Holder.invokeInterface(java.lang.Object, java.lang.Object)'> (0x00000000a6b08f60) thrown at [./src/hotspot/share/interpreter/linkResolver.cpp, line 773]
Event: 1.430 Thread 0x00000205c1bbb800 Exception <a 'java/lang/NoSuchMethodError'{0x00000000a671f168}: 'void java.lang.invoke.DirectMethodHandle$Holder.invokeVirtual(java.lang.Object, java.lang.Object)'> (0x00000000a671f168) thrown at [./src/hotspot/share/interpreter/linkResolver.cpp, line 773]
Event: 1.438 Thread 0x00000205c1bbb800 Exception <a 'java/lang/NoSuchMethodError'{0x00000000a6796638}: 'int java.lang.invoke.DirectMethodHandle$Holder.invokeVirtual(java.lang.Object, java.lang.Object)'> (0x00000000a6796638) thrown at [./src/hotspot/share/interpreter/linkResolver.cpp, line 773]
Event: 2.102 Thread 0x00000205c1bbb800 Exception <a 'java/lang/NoSuchMethodError'{0x00000000a6d1c7c8}: 'java.lang.Object java.lang.invoke.DirectMethodHandle$Holder.invokeVirtual(java.lang.Object, java.lang.Object, java.lang.Object)'> (0x00000000a6d1c7c8) thrown at [./src/hotspot/share/interpreter/linkResolver.cpp, line 773]
Event: 2.594 Thread 0x00000205c1bbb800 Exception <a 'java/lang/NoSuchMethodError'{0x00000000a5cc7518}: 'java.lang.Object java.lang.invoke.Invokers$Holder.linkToTargetMethod(java.lang.Object, int, java.lang.Object)'> (0x00000000a5cc7518) thrown at [./src/hotspot/share/interpreter/linkResolver.cpp, line 773]
Event: 2.671 Thread 0x00000205c1bbb800 Exception <a 'java/lang/NoSuchMethodError'{0x00000000a97d1c30}: 'java.lang.Object java.lang.invoke.DirectMethodHandle$Holder.invokeStatic(java.lang.Object, java.lang.Object, java.lang.Object, int)'> (0x00000000a97d1c30) thrown at [./src/hotspot/share/interpreter/linkResolver.cpp, line 773]
Event: 2.671 Thread 0x00000205c1bbb800 Exception <a 'java/lang/NoSuchMethodError'{0x00000000a97d58a0}: 'java.lang.Object java.lang.invoke.DirectMethodHandle$Holder.invokeSpecial(java.lang.Object, java.lang.Object, java.lang.Object, java.lang.Object, int)'> (0x00000000a97d58a0) thrown at [./src/hotspot/share/interpreter/linkResolver.cpp, line 773]
Event: 2.672 Thread 0x00000205c1bbb800 Exception <a 'java/lang/NoSuchMethodError'{0x00000000a97d8bb0}: 'java.lang.Object java.lang.invoke.Invokers$Holder.linkToTargetMethod(java.lang.Object, java.lang.Object, int, java.lang.Object)'> (0x00000000a97d8bb0) thrown at [./src/hotspot/share/interpreter/linkResolver.cpp, line 773]

Events (20 events):
Event: 2.985 loading class org/jetbrains/kotlin/load/java/typeEnhancement/TypeComponentPositionKt
Event: 2.985 loading class org/jetbrains/kotlin/load/java/typeEnhancement/TypeComponentPositionKt done
Event: 2.985 loading class org/jetbrains/kotlin/load/java/typeEnhancement/JavaTypeEnhancement$SimpleResult
Event: 2.985 loading class org/jetbrains/kotlin/load/java/typeEnhancement/JavaTypeEnhancement$SimpleResult done
Event: 2.985 loading class org/jetbrains/kotlin/load/java/typeEnhancement/JavaTypeEnhancement$Result
Event: 2.985 loading class org/jetbrains/kotlin/load/java/typeEnhancement/JavaTypeEnhancement$Result done
Event: 2.985 loading class org/jetbrains/kotlin/load/java/typeEnhancement/SignatureEnhancement$PartEnhancementResult
Event: 2.985 loading class org/jetbrains/kotlin/load/java/typeEnhancement/SignatureEnhancement$PartEnhancementResult done
Event: 2.986 loading class org/jetbrains/kotlin/descriptors/NotFoundClasses$MockClassDescriptor
Event: 2.986 loading class org/jetbrains/kotlin/descriptors/NotFoundClasses$MockClassDescriptor done
Event: 2.986 loading class org/jetbrains/kotlin/metadata/deserialization/ProtoTypeTableUtilKt
Event: 2.986 loading class org/jetbrains/kotlin/metadata/deserialization/ProtoTypeTableUtilKt done
Event: 2.987 loading class org/jetbrains/kotlin/builtins/jvm/JvmBuiltInsSignatures
Event: 2.987 loading class org/jetbrains/kotlin/builtins/jvm/JvmBuiltInsSignatures done
Event: 2.987 loading class org/jetbrains/kotlin/load/kotlin/SignatureBuildingComponents
Event: 2.987 loading class org/jetbrains/kotlin/load/kotlin/SignatureBuildingComponents done
Event: 2.990 loading class org/jetbrains/kotlin/load/java/structure/impl/classFiles/PlainJavaAnnotationAsAnnotationArgument
Event: 2.990 loading class org/jetbrains/kotlin/load/java/structure/impl/classFiles/PlainJavaAnnotationAsAnnotationArgument done
Event: 2.990 loading class org/jetbrains/kotlin/load/java/structure/JavaAnnotationAsAnnotationArgument
Event: 2.990 loading class org/jetbrains/kotlin/load/java/structure/JavaAnnotationAsAnnotationArgument done


Dynamic libraries:
0x00007ff76cae0000 - 0x00007ff76caea000 	C:\Program Files\Android\Android Studio\jre\bin\java.exe
0x00007ff8e6a50000 - 0x00007ff8e6c45000 	C:\Windows\SYSTEM32\ntdll.dll
0x00007ff8e58d0000 - 0x00007ff8e598d000 	C:\Windows\System32\KERNEL32.DLL
0x00007ff8e4220000 - 0x00007ff8e44ed000 	C:\Windows\System32\KERNELBASE.dll
0x00007ff8e46c0000 - 0x00007ff8e47c0000 	C:\Windows\System32\ucrtbase.dll
0x00007ff8b0560000 - 0x00007ff8b0579000 	C:\Program Files\Android\Android Studio\jre\bin\jli.dll
0x00007ff8ad410000 - 0x00007ff8ad427000 	C:\Program Files\Android\Android Studio\jre\bin\VCRUNTIME140.dll
0x00007ff8e59a0000 - 0x00007ff8e5b40000 	C:\Windows\System32\USER32.dll
0x00007ff8e41f0000 - 0x00007ff8e4212000 	C:\Windows\System32\win32u.dll
0x00007ff8c3590000 - 0x00007ff8c382a000 	C:\Windows\WinSxS\amd64_microsoft.windows.common-controls_6595b64144ccf1df_6.0.19041.1110_none_60b5254171f9507e\COMCTL32.dll
0x00007ff8e5d20000 - 0x00007ff8e5d4a000 	C:\Windows\System32\GDI32.dll
0x00007ff8e4940000 - 0x00007ff8e4a4b000 	C:\Windows\System32\gdi32full.dll
0x00007ff8e4b90000 - 0x00007ff8e4c2e000 	C:\Windows\System32\msvcrt.dll
0x00007ff8e47c0000 - 0x00007ff8e485d000 	C:\Windows\System32\msvcp_win.dll
0x00007ff8e5430000 - 0x00007ff8e5460000 	C:\Windows\System32\IMM32.DLL
0x00007ff872ef0000 - 0x00007ff872f8d000 	C:\Program Files\Android\Android Studio\jre\bin\msvcp140.dll
0x00007ff8617a0000 - 0x00007ff862275000 	C:\Program Files\Android\Android Studio\jre\bin\server\jvm.dll
0x00007ff8e5b40000 - 0x00007ff8e5bee000 	C:\Windows\System32\ADVAPI32.dll
0x00007ff8e57a0000 - 0x00007ff8e583c000 	C:\Windows\System32\sechost.dll
0x00007ff8e60b0000 - 0x00007ff8e61d5000 	C:\Windows\System32\RPCRT4.dll
0x00007ff8e5790000 - 0x00007ff8e5798000 	C:\Windows\System32\PSAPI.DLL
0x00007ff8a98f0000 - 0x00007ff8a98f9000 	C:\Windows\SYSTEM32\WSOCK32.dll
0x00007ff8db140000 - 0x00007ff8db14a000 	C:\Windows\SYSTEM32\VERSION.dll
0x00007ff8d9130000 - 0x00007ff8d9157000 	C:\Windows\SYSTEM32\WINMM.dll
0x00007ff8e5540000 - 0x00007ff8e55ab000 	C:\Windows\System32\WS2_32.dll
0x00007ff8e29f0000 - 0x00007ff8e2a02000 	C:\Windows\SYSTEM32\kernel.appcore.dll
0x00007ff8b69a0000 - 0x00007ff8b69b1000 	C:\Program Files\Android\Android Studio\jre\bin\verify.dll
0x00007ff8e1e10000 - 0x00007ff8e1ff4000 	C:\Windows\SYSTEM32\DBGHELP.DLL
0x00007ff8d1540000 - 0x00007ff8d156c000 	C:\Windows\SYSTEM32\dbgcore.DLL
0x00007ff8e4160000 - 0x00007ff8e41e2000 	C:\Windows\System32\bcryptPrimitives.dll
0x00007ff8affb0000 - 0x00007ff8affd9000 	C:\Program Files\Android\Android Studio\jre\bin\java.dll
0x00007ff8c0480000 - 0x00007ff8c048b000 	C:\Program Files\Android\Android Studio\jre\bin\jimage.dll
0x00007ff8afee0000 - 0x00007ff8afef8000 	C:\Program Files\Android\Android Studio\jre\bin\zip.dll
0x00007ff8e4c30000 - 0x00007ff8e5374000 	C:\Windows\System32\SHELL32.dll
0x00007ff8e2000000 - 0x00007ff8e2794000 	C:\Windows\SYSTEM32\windows.storage.dll
0x00007ff8e5d50000 - 0x00007ff8e60a4000 	C:\Windows\System32\combase.dll
0x00007ff8e3af0000 - 0x00007ff8e3b1c000 	C:\Windows\SYSTEM32\Wldp.dll
0x00007ff8e5380000 - 0x00007ff8e542d000 	C:\Windows\System32\SHCORE.dll
0x00007ff8e6810000 - 0x00007ff8e6865000 	C:\Windows\System32\shlwapi.dll
0x00007ff8e40a0000 - 0x00007ff8e40bf000 	C:\Windows\SYSTEM32\profapi.dll
0x00007ff8afdf0000 - 0x00007ff8afe0a000 	C:\Program Files\Android\Android Studio\jre\bin\net.dll
0x00007ff8d37a0000 - 0x00007ff8d38aa000 	C:\Windows\SYSTEM32\WINHTTP.dll
0x00007ff8e3850000 - 0x00007ff8e38ba000 	C:\Windows\system32\mswsock.dll
0x00007ff8afc30000 - 0x00007ff8afc44000 	C:\Program Files\Android\Android Studio\jre\bin\nio.dll

dbghelp: loaded successfully - version: 4.0.5 - missing functions: none
symbol engine: initialized successfully - sym options: 0x614 - pdb path: .;C:\Program Files\Android\Android Studio\jre\bin;C:\Windows\SYSTEM32;C:\Windows\WinSxS\amd64_microsoft.windows.common-controls_6595b64144ccf1df_6.0.19041.1110_none_60b5254171f9507e;C:\Program Files\Android\Android Studio\jre\bin\server

VM Arguments:
java_command: org.jetbrains.kotlin.cli.jvm.K2JVMCompiler @C:\Users\H_ISA\AndroidStudioProjects\firebase_reto\app\build\20220513_17136224074030026206.compiler.options
java_class_path (initial): C:\Users\H_ISA\.gradle\caches\modules-2\files-2.1\org.jetbrains.kotlin\kotlin-compiler-embeddable\1.5.30\3362a354066df1578a057c200da23cf2a1d8144f\kotlin-compiler-embeddable-1.5.30.jar;C:\Users\H_ISA\.gradle\caches\modules-2\files-2.1\org.jetbrains.kotlin\kotlin-reflect\1.5.30\6773e974437dd6432aa646cc2f8ab71de42b5773\kotlin-reflect-1.5.30.jar;C:\Users\H_ISA\.gradle\caches\modules-2\files-2.1\org.jetbrains.kotlin\kotlin-stdlib\1.5.30\d68efdea04955974ac1020f8f66ef8176bfbce1f\kotlin-stdlib-1.5.30.jar;C:\Users\H_ISA\.gradle\caches\modules-2\files-2.1\org.jetbrains.kotlin\kotlin-script-runtime\1.5.30\10697ab20bfd2f1b23baa91306950c36c4e89a8d\kotlin-script-runtime-1.5.30.jar;C:\Users\H_ISA\.gradle\caches\modules-2\files-2.1\org.jetbrains.kotlin\kotlin-daemon-embeddable\1.5.30\e355dc9011e559a475608265607948109e113ae0\kotlin-daemon-embeddable-1.5.30.jar;C:\Users\H_ISA\.gradle\caches\modules-2\files-2.1\org.jetbrains.intellij.deps\trove4j\1.0.20181211\216c2e14b070f334479d800987affe4054cd563f\trove4j-1.0.20181211.jar;C:\Users\H_ISA\.gradle\caches\modules-2\files-2.1\org.jetbrains\annotations\13.0\919f0dfe192fb4e063e7dacadee7f8bb9a2672a9\annotations-13.0.jar;C:\Users\H_ISA\.gradle\caches\modules-2\files-2.1\org.jetbrains.kotlin\kotlin-stdlib-common\1.5.30\649ffab7767038323fec0cc41e2d7b0a8f65a378\kotlin-stdlib-common-1.5.30.jar
Launcher Type: SUN_STANDARD

[Global flags]
     intx CICompilerCount                          = 4                                         {product} {ergonomic}
     uint ConcGCThreads                            = 3                                         {product} {ergonomic}
     uint G1ConcRefinementThreads                  = 10                                        {product} {ergonomic}
   size_t G1HeapRegionSize                         = 1048576                                   {product} {ergonomic}
    uintx GCDrainStackTargetSize                   = 64                                        {product} {ergonomic}
   size_t InitialHeapSize                          = 98566144                                  {product} {ergonomic}
   size_t MarkStackSize                            = 4194304                                   {product} {ergonomic}
   size_t MaxHeapSize                              = 1574961152                                {product} {ergonomic}
   size_t MaxNewSize                               = 944766976                                 {product} {ergonomic}
   size_t MinHeapDeltaBytes                        = 1048576                                   {product} {ergonomic}
    uintx NonNMethodCodeHeapSize                   = 5836300                                {pd product} {ergonomic}
    uintx NonProfiledCodeHeapSize                  = 122910970                              {pd product} {ergonomic}
    uintx ProfiledCodeHeapSize                     = 122910970                              {pd product} {ergonomic}
    uintx ReservedCodeCacheSize                    = 251658240                              {pd product} {ergonomic}
     bool SegmentedCodeCache                       = true                                      {product} {ergonomic}
     bool UseCompressedClassPointers               = true                                 {lp64_product} {ergonomic}
     bool UseCompressedOops                        = true                                 {lp64_product} {ergonomic}
     bool UseG1GC                                  = true                                      {product} {ergonomic}
     bool UseLargePagesIndividualAllocation        = false                                  {pd product} {ergonomic}

Logging:
Log output configuration:
 #0: stdout all=warning uptime,level,tags
 #1: stderr all=off uptime,level,tags

Environment Variables:
PATH=C:\Windows\system32;C:\Windows;C:\Windows\System32\Wbem;C:\Windows\System32\WindowsPowerShell\v1.0\;C:\Windows\System32\OpenSSH\;C:\Program Files\Git\cmd;C:\Users\H_ISA\AppData\Local\Microsoft\WindowsApps;;C:\Users\H_ISA\AppData\Local\Programs\Microsoft VS Code\bin
USERNAME=H_ISA
OS=Windows_NT
PROCESSOR_IDENTIFIER=AMD64 Family 23 Model 104 Stepping 1, AuthenticAMD



---------------  S Y S T E M  ---------------

OS: Windows 10 , 64 bit Build 19041 (10.0.19041.1706)
OS uptime: 0 days 8:45 hours

CPU:total 12 (initial active 12) (12 cores per cpu, 2 threads per core) family 23 model 104 stepping 1 microcode 0x0, cmov, cx8, fxsr, mmx, sse, sse2, sse3, ssse3, sse4.1, sse4.2, popcnt, avx, avx2, aes, clmul, mmxext, 3dnowpref, lzcnt, sse4a, ht, tsc, tscinvbit, tscinv, bmi1, bmi2, adx,

Memory: 4k page, system-wide physical 6005M (180M free)
TotalPageFile size 24437M (AvailPageFile size 6M)
current process WorkingSet (physical memory assigned to process): 238M, peak: 241M
current process commit charge ("private bytes"): 303M, peak: 305M

vm_info: OpenJDK 64-Bit Server VM (11.0.11+9-b60-7590822) for windows-amd64 JRE (11.0.11+9-b60-7590822), built on Jul 29 2021 21:43:44 by "builder" with MS VC++ 14.0 (VS2015)

END.
